{"C:\\Users\\acer\\SpellWise\\server\\src\\config.ts": {"path":"C:\\Users\\acer\\SpellWise\\server\\src\\config.ts","statementMap":{"0":{"start":{"line":1,"column":0},"end":{"line":1,"column":28}},"1":{"start":{"line":2,"column":0},"end":{"line":2,"column":16}},"2":{"start":{"line":4,"column":13},"end":{"line":27,"column":2}}},"fnMap":{},"branchMap":{"0":{"loc":{"start":{"line":5,"column":17},"end":{"line":5,"column":43}},"type":"binary-expr","locations":[{"start":{"line":5,"column":17},"end":{"line":5,"column":33}},{"start":{"line":5,"column":37},"end":{"line":5,"column":43}}]},"1":{"loc":{"start":{"line":6,"column":12},"end":{"line":6,"column":74}},"type":"binary-expr","locations":[{"start":{"line":6,"column":12},"end":{"line":6,"column":33}},{"start":{"line":6,"column":37},"end":{"line":6,"column":74}}]},"2":{"loc":{"start":{"line":7,"column":14},"end":{"line":7,"column":64}},"type":"binary-expr","locations":[{"start":{"line":7,"column":14},"end":{"line":7,"column":37}},{"start":{"line":7,"column":41},"end":{"line":7,"column":64}}]},"3":{"loc":{"start":{"line":8,"column":14},"end":{"line":8,"column":65}},"type":"binary-expr","locations":[{"start":{"line":8,"column":14},"end":{"line":8,"column":38}},{"start":{"line":8,"column":42},"end":{"line":8,"column":65}}]},"4":{"loc":{"start":{"line":12,"column":19},"end":{"line":12,"column":71}},"type":"binary-expr","locations":[{"start":{"line":12,"column":19},"end":{"line":12,"column":48}},{"start":{"line":12,"column":52},"end":{"line":12,"column":71}}]},"5":{"loc":{"start":{"line":13,"column":20},"end":{"line":13,"column":74}},"type":"binary-expr","locations":[{"start":{"line":13,"column":20},"end":{"line":13,"column":50}},{"start":{"line":13,"column":54},"end":{"line":13,"column":74}}]},"6":{"loc":{"start":{"line":14,"column":21},"end":{"line":14,"column":74}},"type":"binary-expr","locations":[{"start":{"line":14,"column":21},"end":{"line":14,"column":52}},{"start":{"line":14,"column":56},"end":{"line":14,"column":74}}]},"7":{"loc":{"start":{"line":17,"column":16},"end":{"line":17,"column":48}},"type":"binary-expr","locations":[{"start":{"line":17,"column":16},"end":{"line":17,"column":42}},{"start":{"line":17,"column":46},"end":{"line":17,"column":48}}]},"8":{"loc":{"start":{"line":18,"column":15},"end":{"line":18,"column":56}},"type":"binary-expr","locations":[{"start":{"line":18,"column":15},"end":{"line":18,"column":39}},{"start":{"line":18,"column":43},"end":{"line":18,"column":56}}]},"9":{"loc":{"start":{"line":19,"column":18},"end":{"line":19,"column":67}},"type":"binary-expr","locations":[{"start":{"line":19,"column":18},"end":{"line":19,"column":46}},{"start":{"line":19,"column":50},"end":{"line":19,"column":67}}]},"10":{"loc":{"start":{"line":20,"column":18},"end":{"line":20,"column":57}},"type":"binary-expr","locations":[{"start":{"line":20,"column":18},"end":{"line":20,"column":46}},{"start":{"line":20,"column":50},"end":{"line":20,"column":57}}]},"11":{"loc":{"start":{"line":23,"column":16},"end":{"line":23,"column":52}},"type":"binary-expr","locations":[{"start":{"line":23,"column":16},"end":{"line":23,"column":40}},{"start":{"line":23,"column":44},"end":{"line":23,"column":52}}]},"12":{"loc":{"start":{"line":24,"column":16},"end":{"line":24,"column":52}},"type":"binary-expr","locations":[{"start":{"line":24,"column":16},"end":{"line":24,"column":46}},{"start":{"line":24,"column":50},"end":{"line":24,"column":52}}]},"13":{"loc":{"start":{"line":25,"column":17},"end":{"line":25,"column":54}},"type":"binary-expr","locations":[{"start":{"line":25,"column":17},"end":{"line":25,"column":48}},{"start":{"line":25,"column":52},"end":{"line":25,"column":54}}]},"14":{"loc":{"start":{"line":26,"column":17},"end":{"line":26,"column":76}},"type":"binary-expr","locations":[{"start":{"line":26,"column":17},"end":{"line":26,"column":48}},{"start":{"line":26,"column":52},"end":{"line":26,"column":76}}]}},"s":{"0":1,"1":1,"2":1},"f":{},"b":{"0":[1,0],"1":[1,0],"2":[1,0],"3":[1,0],"4":[1,0],"5":[1,0],"6":[1,0],"7":[1,0],"8":[1,0],"9":[1,0],"10":[1,0],"11":[1,0],"12":[1,1],"13":[1,1],"14":[1,0]}}
,"C:\\Users\\acer\\SpellWise\\server\\src\\db.ts": {"path":"C:\\Users\\acer\\SpellWise\\server\\src\\db.ts","statementMap":{"0":{"start":{"line":5,"column":0},"end":{"line":5,"column":7}},"1":{"start":{"line":1,"column":0},"end":{"line":1,"column":32}},"2":{"start":{"line":2,"column":0},"end":{"line":2,"column":34}},"3":{"start":{"line":3,"column":0},"end":{"line":3,"column":36}},"4":{"start":{"line":6,"column":16},"end":{"line":6,"column":17}},"5":{"start":{"line":8,"column":2},"end":{"line":52,"column":3}},"6":{"start":{"line":9,"column":4},"end":{"line":51,"column":5}},"7":{"start":{"line":10,"column":6},"end":{"line":13,"column":7}},"8":{"start":{"line":11,"column":8},"end":{"line":11,"column":64}},"9":{"start":{"line":12,"column":8},"end":{"line":12,"column":15}},"10":{"start":{"line":15,"column":6},"end":{"line":18,"column":9}},"11":{"start":{"line":20,"column":6},"end":{"line":23,"column":9}},"12":{"start":{"line":25,"column":6},"end":{"line":27,"column":9}},"13":{"start":{"line":26,"column":8},"end":{"line":26,"column":65}},"14":{"start":{"line":29,"column":6},"end":{"line":31,"column":9}},"15":{"start":{"line":30,"column":8},"end":{"line":30,"column":44}},"16":{"start":{"line":33,"column":6},"end":{"line":35,"column":9}},"17":{"start":{"line":34,"column":8},"end":{"line":34,"column":43}},"18":{"start":{"line":37,"column":6},"end":{"line":37,"column":13}},"19":{"start":{"line":39,"column":6},"end":{"line":39,"column":16}},"20":{"start":{"line":40,"column":6},"end":{"line":43,"column":9}},"21":{"start":{"line":45,"column":6},"end":{"line":48,"column":7}},"22":{"start":{"line":46,"column":8},"end":{"line":46,"column":91}},"23":{"start":{"line":47,"column":8},"end":{"line":47,"column":15}},"24":{"start":{"line":50,"column":6},"end":{"line":50,"column":65}},"25":{"start":{"line":50,"column":37},"end":{"line":50,"column":63}}},"fnMap":{"0":{"name":"connectDB","decl":{"start":{"line":5,"column":22},"end":{"line":5,"column":31}},"loc":{"start":{"line":5,"column":57},"end":{"line":53,"column":1}}},"1":{"name":"(anonymous_2)","decl":{"start":{"line":25,"column":38},"end":{"line":25,"column":39}},"loc":{"start":{"line":25,"column":46},"end":{"line":27,"column":7}}},"2":{"name":"(anonymous_3)","decl":{"start":{"line":29,"column":45},"end":{"line":29,"column":48}},"loc":{"start":{"line":29,"column":50},"end":{"line":31,"column":7}}},"3":{"name":"(anonymous_4)","decl":{"start":{"line":33,"column":44},"end":{"line":33,"column":47}},"loc":{"start":{"line":33,"column":49},"end":{"line":35,"column":7}}},"4":{"name":"(anonymous_5)","decl":{"start":{"line":50,"column":24},"end":{"line":50,"column":25}},"loc":{"start":{"line":50,"column":37},"end":{"line":50,"column":63}}}},"branchMap":{"0":{"loc":{"start":{"line":5,"column":32},"end":{"line":5,"column":43}},"type":"default-arg","locations":[{"start":{"line":5,"column":42},"end":{"line":5,"column":43}}]},"1":{"loc":{"start":{"line":5,"column":45},"end":{"line":5,"column":57}},"type":"default-arg","locations":[{"start":{"line":5,"column":53},"end":{"line":5,"column":57}}]},"2":{"loc":{"start":{"line":10,"column":6},"end":{"line":13,"column":7}},"type":"if","locations":[{"start":{"line":10,"column":6},"end":{"line":13,"column":7}}]},"3":{"loc":{"start":{"line":42,"column":21},"end":{"line":42,"column":73}},"type":"cond-expr","locations":[{"start":{"line":42,"column":41},"end":{"line":42,"column":53}},{"start":{"line":42,"column":56},"end":{"line":42,"column":73}}]},"4":{"loc":{"start":{"line":45,"column":6},"end":{"line":48,"column":7}},"type":"if","locations":[{"start":{"line":45,"column":6},"end":{"line":48,"column":7}}]}},"s":{"0":1,"1":1,"2":1,"3":1,"4":1,"5":1,"6":1,"7":1,"8":0,"9":0,"10":1,"11":1,"12":1,"13":0,"14":1,"15":0,"16":1,"17":0,"18":1,"19":0,"20":0,"21":0,"22":0,"23":0,"24":0,"25":0},"f":{"0":1,"1":0,"2":0,"3":0,"4":0},"b":{"0":[1],"1":[1],"2":[0],"3":[0,0],"4":[0]}}
,"C:\\Users\\acer\\SpellWise\\server\\src\\prompts.ts": {"path":"C:\\Users\\acer\\SpellWise\\server\\src\\prompts.ts","statementMap":{"0":{"start":{"line":3,"column":0},"end":{"line":3,"column":16}},"1":{"start":{"line":23,"column":0},"end":{"line":23,"column":16}},"2":{"start":{"line":27,"column":0},"end":{"line":27,"column":16}},"3":{"start":{"line":33,"column":0},"end":{"line":33,"column":16}},"4":{"start":{"line":68,"column":0},"end":{"line":68,"column":16}},"5":{"start":{"line":83,"column":0},"end":{"line":83,"column":16}},"6":{"start":{"line":87,"column":0},"end":{"line":87,"column":16}},"7":{"start":{"line":97,"column":0},"end":{"line":97,"column":16}},"8":{"start":{"line":4,"column":2},"end":{"line":20,"column":85}},"9":{"start":{"line":24,"column":2},"end":{"line":24,"column":51}},"10":{"start":{"line":28,"column":2},"end":{"line":30,"column":471}},"11":{"start":{"line":34,"column":2},"end":{"line":65,"column":72}},"12":{"start":{"line":74,"column":2},"end":{"line":80,"column":5}},"13":{"start":{"line":84,"column":2},"end":{"line":84,"column":54}},"14":{"start":{"line":88,"column":2},"end":{"line":94,"column":20}},"15":{"start":{"line":98,"column":2},"end":{"line":98,"column":67}}},"fnMap":{"0":{"name":"wordPoolSystem","decl":{"start":{"line":3,"column":16},"end":{"line":3,"column":30}},"loc":{"start":{"line":3,"column":30},"end":{"line":21,"column":1}}},"1":{"name":"wordPoolUser","decl":{"start":{"line":23,"column":16},"end":{"line":23,"column":28}},"loc":{"start":{"line":23,"column":89},"end":{"line":25,"column":1}}},"2":{"name":"storySystem","decl":{"start":{"line":27,"column":16},"end":{"line":27,"column":27}},"loc":{"start":{"line":27,"column":27},"end":{"line":31,"column":1}}},"3":{"name":"storySystemBold","decl":{"start":{"line":33,"column":16},"end":{"line":33,"column":31}},"loc":{"start":{"line":33,"column":50},"end":{"line":66,"column":1}}},"4":{"name":"storyUserBold","decl":{"start":{"line":68,"column":16},"end":{"line":68,"column":29}},"loc":{"start":{"line":72,"column":27},"end":{"line":81,"column":1}}},"5":{"name":"storyUser","decl":{"start":{"line":83,"column":16},"end":{"line":83,"column":25}},"loc":{"start":{"line":83,"column":76},"end":{"line":85,"column":1}}},"6":{"name":"hintSystem","decl":{"start":{"line":87,"column":16},"end":{"line":87,"column":26}},"loc":{"start":{"line":87,"column":26},"end":{"line":95,"column":1}}},"7":{"name":"hintUser","decl":{"start":{"line":97,"column":16},"end":{"line":97,"column":24}},"loc":{"start":{"line":97,"column":86},"end":{"line":99,"column":1}}}},"branchMap":{"0":{"loc":{"start":{"line":33,"column":32},"end":{"line":33,"column":50}},"type":"default-arg","locations":[{"start":{"line":33,"column":49},"end":{"line":33,"column":50}}]},"1":{"loc":{"start":{"line":71,"column":2},"end":{"line":71,"column":20}},"type":"default-arg","locations":[{"start":{"line":71,"column":19},"end":{"line":71,"column":20}}]},"2":{"loc":{"start":{"line":72,"column":2},"end":{"line":72,"column":27}},"type":"default-arg","locations":[{"start":{"line":72,"column":26},"end":{"line":72,"column":27}}]}},"s":{"0":1,"1":1,"2":1,"3":1,"4":1,"5":1,"6":1,"7":1,"8":0,"9":0,"10":0,"11":0,"12":0,"13":0,"14":0,"15":0},"f":{"0":0,"1":0,"2":0,"3":0,"4":0,"5":0,"6":0,"7":0},"b":{"0":[0],"1":[0],"2":[0]}}
,"C:\\Users\\acer\\SpellWise\\server\\src\\queue.ts": {"path":"C:\\Users\\acer\\SpellWise\\server\\src\\queue.ts","statementMap":{"0":{"start":{"line":26,"column":0},"end":{"line":26,"column":16}},"1":{"start":{"line":40,"column":0},"end":{"line":40,"column":16}},"2":{"start":{"line":43,"column":0},"end":{"line":43,"column":16}},"3":{"start":{"line":47,"column":0},"end":{"line":47,"column":16}},"4":{"start":{"line":165,"column":0},"end":{"line":165,"column":16}},"5":{"start":{"line":1,"column":0},"end":{"line":1,"column":34}},"6":{"start":{"line":2,"column":0},"end":{"line":2,"column":36}},"7":{"start":{"line":19,"column":20},"end":{"line":19,"column":22}},"8":{"start":{"line":20,"column":14},"end":{"line":20,"column":19}},"9":{"start":{"line":23,"column":2},"end":{"line":23,"column":71}},"10":{"start":{"line":27,"column":17},"end":{"line":33,"column":11}},"11":{"start":{"line":34,"column":2},"end":{"line":34,"column":15}},"12":{"start":{"line":35,"column":2},"end":{"line":35,"column":91}},"13":{"start":{"line":36,"column":2},"end":{"line":36,"column":9}},"14":{"start":{"line":37,"column":2},"end":{"line":37,"column":11}},"15":{"start":{"line":41,"column":2},"end":{"line":41,"column":39}},"16":{"start":{"line":41,"column":26},"end":{"line":41,"column":37}},"17":{"start":{"line":44,"column":2},"end":{"line":44,"column":72}},"18":{"start":{"line":44,"column":28},"end":{"line":44,"column":59}},"19":{"start":{"line":48,"column":17},"end":{"line":48,"column":49}},"20":{"start":{"line":49,"column":18},"end":{"line":49,"column":42}},"21":{"start":{"line":50,"column":2},"end":{"line":54,"column":3}},"22":{"start":{"line":51,"column":17},"end":{"line":51,"column":52}},"23":{"start":{"line":52,"column":4},"end":{"line":52,"column":19}},"24":{"start":{"line":53,"column":4},"end":{"line":53,"column":40}},"25":{"start":{"line":55,"column":22},"end":{"line":55,"column":24}},"26":{"start":{"line":56,"column":2},"end":{"line":62,"column":3}},"27":{"start":{"line":57,"column":19},"end":{"line":57,"column":68}},"28":{"start":{"line":57,"column":42},"end":{"line":57,"column":67}},"29":{"start":{"line":58,"column":19},"end":{"line":59,"column":null}},"30":{"start":{"line":59,"column":13},"end":{"line":59,"column":85}},"31":{"start":{"line":61,"column":4},"end":{"line":61,"column":39}},"32":{"start":{"line":63,"column":18},"end":{"line":63,"column":43}},"33":{"start":{"line":64,"column":2},"end":{"line":64,"column":18}},"34":{"start":{"line":65,"column":2},"end":{"line":65,"column":21}},"35":{"start":{"line":66,"column":2},"end":{"line":66,"column":84}},"36":{"start":{"line":66,"column":19},"end":{"line":66,"column":84}},"37":{"start":{"line":70,"column":16},"end":{"line":70,"column":17}},"38":{"start":{"line":72,"column":2},"end":{"line":90,"column":3}},"39":{"start":{"line":73,"column":4},"end":{"line":89,"column":5}},"40":{"start":{"line":74,"column":16},"end":{"line":74,"column":31}},"41":{"start":{"line":75,"column":6},"end":{"line":78,"column":7}},"42":{"start":{"line":76,"column":8},"end":{"line":76,"column":86}},"43":{"start":{"line":76,"column":50},"end":{"line":76,"column":86}},"44":{"start":{"line":77,"column":8},"end":{"line":77,"column":44}},"45":{"start":{"line":79,"column":6},"end":{"line":79,"column":15}},"46":{"start":{"line":81,"column":6},"end":{"line":81,"column":18}},"47":{"start":{"line":83,"column":18},"end":{"line":83,"column":41}},"48":{"start":{"line":84,"column":6},"end":{"line":84,"column":70}},"49":{"start":{"line":84,"column":64},"end":{"line":84,"column":70}},"50":{"start":{"line":85,"column":20},"end":{"line":85,"column":47}},"51":{"start":{"line":86,"column":6},"end":{"line":86,"column":84}},"52":{"start":{"line":87,"column":6},"end":{"line":87,"column":53}},"53":{"start":{"line":87,"column":31},"end":{"line":87,"column":51}},"54":{"start":{"line":88,"column":6},"end":{"line":88,"column":16}},"55":{"start":{"line":91,"column":2},"end":{"line":91,"column":43}},"56":{"start":{"line":95,"column":2},"end":{"line":95,"column":23}},"57":{"start":{"line":96,"column":2},"end":{"line":96,"column":27}},"58":{"start":{"line":97,"column":2},"end":{"line":97,"column":60}},"59":{"start":{"line":98,"column":2},"end":{"line":145,"column":3}},"60":{"start":{"line":99,"column":17},"end":{"line":99,"column":50}},"61":{"start":{"line":100,"column":4},"end":{"line":136,"column":5}},"62":{"start":{"line":101,"column":6},"end":{"line":110,"column":8}},"63":{"start":{"line":102,"column":8},"end":{"line":109,"column":17}},"64":{"start":{"line":111,"column":11},"end":{"line":136,"column":5}},"65":{"start":{"line":112,"column":20},"end":{"line":112,"column":57}},"66":{"start":{"line":113,"column":27},"end":{"line":113,"column":48}},"67":{"start":{"line":114,"column":6},"end":{"line":123,"column":8}},"68":{"start":{"line":115,"column":8},"end":{"line":122,"column":17}},"69":{"start":{"line":124,"column":11},"end":{"line":136,"column":5}},"70":{"start":{"line":125,"column":20},"end":{"line":125,"column":57}},"71":{"start":{"line":126,"column":6},"end":{"line":135,"column":8}},"72":{"start":{"line":127,"column":8},"end":{"line":134,"column":17}},"73":{"start":{"line":137,"column":4},"end":{"line":137,"column":25}},"74":{"start":{"line":138,"column":4},"end":{"line":138,"column":29}},"75":{"start":{"line":139,"column":4},"end":{"line":139,"column":64}},"76":{"start":{"line":141,"column":4},"end":{"line":141,"column":23}},"77":{"start":{"line":142,"column":4},"end":{"line":142,"column":45}},"78":{"start":{"line":143,"column":4},"end":{"line":143,"column":29}},"79":{"start":{"line":144,"column":4},"end":{"line":144,"column":81}},"80":{"start":{"line":149,"column":2},"end":{"line":149,"column":22}},"81":{"start":{"line":149,"column":15},"end":{"line":149,"column":22}},"82":{"start":{"line":150,"column":2},"end":{"line":150,"column":17}},"83":{"start":{"line":151,"column":2},"end":{"line":162,"column":3}},"84":{"start":{"line":152,"column":4},"end":{"line":159,"column":5}},"85":{"start":{"line":153,"column":19},"end":{"line":153,"column":59}},"86":{"start":{"line":153,"column":36},"end":{"line":153,"column":58}},"87":{"start":{"line":154,"column":6},"end":{"line":157,"column":7}},"88":{"start":{"line":155,"column":8},"end":{"line":155,"column":24}},"89":{"start":{"line":156,"column":8},"end":{"line":156,"column":15}},"90":{"start":{"line":158,"column":6},"end":{"line":158,"column":25}},"91":{"start":{"line":161,"column":4},"end":{"line":161,"column":20}},"92":{"start":{"line":166,"column":2},"end":{"line":166,"column":34}},"93":{"start":{"line":166,"column":16},"end":{"line":166,"column":34}},"94":{"start":{"line":169,"column":0},"end":{"line":171,"column":19}},"95":{"start":{"line":170,"column":2},"end":{"line":170,"column":16}}},"fnMap":{"0":{"name":"genId","decl":{"start":{"line":22,"column":9},"end":{"line":22,"column":14}},"loc":{"start":{"line":22,"column":14},"end":{"line":24,"column":1}}},"1":{"name":"enqueue","decl":{"start":{"line":26,"column":16},"end":{"line":26,"column":23}},"loc":{"start":{"line":26,"column":83},"end":{"line":38,"column":1}}},"2":{"name":"getJob","decl":{"start":{"line":40,"column":16},"end":{"line":40,"column":22}},"loc":{"start":{"line":40,"column":33},"end":{"line":42,"column":1}}},"3":{"name":"(anonymous_4)","decl":{"start":{"line":41,"column":19},"end":{"line":41,"column":20}},"loc":{"start":{"line":41,"column":26},"end":{"line":41,"column":37}}},"4":{"name":"getJobsForExperiment","decl":{"start":{"line":43,"column":16},"end":{"line":43,"column":36}},"loc":{"start":{"line":43,"column":57},"end":{"line":45,"column":1}}},"5":{"name":"(anonymous_6)","decl":{"start":{"line":44,"column":21},"end":{"line":44,"column":22}},"loc":{"start":{"line":44,"column":28},"end":{"line":44,"column":59}}},"6":{"name":"cleanupJobs","decl":{"start":{"line":47,"column":16},"end":{"line":47,"column":27}},"loc":{"start":{"line":47,"column":27},"end":{"line":67,"column":1}}},"7":{"name":"(anonymous_8)","decl":{"start":{"line":57,"column":32},"end":{"line":57,"column":33}},"loc":{"start":{"line":57,"column":42},"end":{"line":57,"column":67}}},"8":{"name":"(anonymous_9)","decl":{"start":{"line":59,"column":6},"end":{"line":59,"column":7}},"loc":{"start":{"line":59,"column":13},"end":{"line":59,"column":85}}},"9":{"name":"runWithRetry","decl":{"start":{"line":69,"column":15},"end":{"line":69,"column":27}},"loc":{"start":{"line":69,"column":69},"end":{"line":92,"column":1}}},"10":{"name":"(anonymous_11)","decl":{"start":{"line":87,"column":24},"end":{"line":87,"column":25}},"loc":{"start":{"line":87,"column":31},"end":{"line":87,"column":51}}},"11":{"name":"runJob","decl":{"start":{"line":94,"column":15},"end":{"line":94,"column":21}},"loc":{"start":{"line":94,"column":28},"end":{"line":146,"column":1}}},"12":{"name":"(anonymous_13)","decl":{"start":{"line":101,"column":25},"end":{"line":101,"column":28}},"loc":{"start":{"line":102,"column":8},"end":{"line":109,"column":17}}},"13":{"name":"(anonymous_14)","decl":{"start":{"line":114,"column":25},"end":{"line":114,"column":28}},"loc":{"start":{"line":115,"column":8},"end":{"line":122,"column":17}}},"14":{"name":"(anonymous_15)","decl":{"start":{"line":126,"column":25},"end":{"line":126,"column":28}},"loc":{"start":{"line":127,"column":8},"end":{"line":134,"column":17}}},"15":{"name":"workerLoop","decl":{"start":{"line":148,"column":15},"end":{"line":148,"column":25}},"loc":{"start":{"line":148,"column":25},"end":{"line":163,"column":1}}},"16":{"name":"(anonymous_17)","decl":{"start":{"line":153,"column":29},"end":{"line":153,"column":30}},"loc":{"start":{"line":153,"column":36},"end":{"line":153,"column":58}}},"17":{"name":"tick","decl":{"start":{"line":165,"column":16},"end":{"line":165,"column":20}},"loc":{"start":{"line":165,"column":20},"end":{"line":167,"column":1}}},"18":{"name":"(anonymous_19)","decl":{"start":{"line":169,"column":12},"end":{"line":169,"column":15}},"loc":{"start":{"line":169,"column":17},"end":{"line":171,"column":1}}}},"branchMap":{"0":{"loc":{"start":{"line":51,"column":17},"end":{"line":51,"column":52}},"type":"binary-expr","locations":[{"start":{"line":51,"column":17},"end":{"line":51,"column":46}},{"start":{"line":51,"column":50},"end":{"line":51,"column":52}}]},"1":{"loc":{"start":{"line":59,"column":13},"end":{"line":59,"column":85}},"type":"binary-expr","locations":[{"start":{"line":59,"column":13},"end":{"line":59,"column":33}},{"start":{"line":59,"column":37},"end":{"line":59,"column":59}},{"start":{"line":59,"column":63},"end":{"line":59,"column":85}}]},"2":{"loc":{"start":{"line":66,"column":2},"end":{"line":66,"column":84}},"type":"if","locations":[{"start":{"line":66,"column":2},"end":{"line":66,"column":84}}]},"3":{"loc":{"start":{"line":69,"column":62},"end":{"line":69,"column":69}},"type":"default-arg","locations":[{"start":{"line":69,"column":68},"end":{"line":69,"column":69}}]},"4":{"loc":{"start":{"line":75,"column":6},"end":{"line":78,"column":7}},"type":"if","locations":[{"start":{"line":75,"column":6},"end":{"line":78,"column":7}}]},"5":{"loc":{"start":{"line":76,"column":8},"end":{"line":76,"column":86}},"type":"if","locations":[{"start":{"line":76,"column":8},"end":{"line":76,"column":86}}]},"6":{"loc":{"start":{"line":76,"column":12},"end":{"line":76,"column":48}},"type":"binary-expr","locations":[{"start":{"line":76,"column":12},"end":{"line":76,"column":28}},{"start":{"line":76,"column":32},"end":{"line":76,"column":48}}]},"7":{"loc":{"start":{"line":83,"column":25},"end":{"line":83,"column":40}},"type":"binary-expr","locations":[{"start":{"line":83,"column":25},"end":{"line":83,"column":35}},{"start":{"line":83,"column":39},"end":{"line":83,"column":40}}]},"8":{"loc":{"start":{"line":84,"column":6},"end":{"line":84,"column":70}},"type":"if","locations":[{"start":{"line":84,"column":6},"end":{"line":84,"column":70}}]},"9":{"loc":{"start":{"line":84,"column":10},"end":{"line":84,"column":62}},"type":"binary-expr","locations":[{"start":{"line":84,"column":10},"end":{"line":84,"column":34}},{"start":{"line":84,"column":38},"end":{"line":84,"column":62}}]},"10":{"loc":{"start":{"line":91,"column":8},"end":{"line":91,"column":42}},"type":"binary-expr","locations":[{"start":{"line":91,"column":8},"end":{"line":91,"column":15}},{"start":{"line":91,"column":19},"end":{"line":91,"column":42}}]},"11":{"loc":{"start":{"line":100,"column":4},"end":{"line":136,"column":5}},"type":"if","locations":[{"start":{"line":100,"column":4},"end":{"line":136,"column":5}},{"start":{"line":111,"column":11},"end":{"line":136,"column":5}}]},"12":{"loc":{"start":{"line":111,"column":11},"end":{"line":136,"column":5}},"type":"if","locations":[{"start":{"line":111,"column":11},"end":{"line":136,"column":5}},{"start":{"line":124,"column":11},"end":{"line":136,"column":5}}]},"13":{"loc":{"start":{"line":112,"column":20},"end":{"line":112,"column":57}},"type":"cond-expr","locations":[{"start":{"line":112,"column":48},"end":{"line":112,"column":51}},{"start":{"line":112,"column":54},"end":{"line":112,"column":57}}]},"14":{"loc":{"start":{"line":124,"column":11},"end":{"line":136,"column":5}},"type":"if","locations":[{"start":{"line":124,"column":11},"end":{"line":136,"column":5}}]},"15":{"loc":{"start":{"line":125,"column":20},"end":{"line":125,"column":57}},"type":"cond-expr","locations":[{"start":{"line":125,"column":48},"end":{"line":125,"column":51}},{"start":{"line":125,"column":54},"end":{"line":125,"column":57}}]},"16":{"loc":{"start":{"line":142,"column":21},"end":{"line":142,"column":44}},"type":"binary-expr","locations":[{"start":{"line":142,"column":21},"end":{"line":142,"column":31}},{"start":{"line":142,"column":35},"end":{"line":142,"column":44}}]},"17":{"loc":{"start":{"line":149,"column":2},"end":{"line":149,"column":22}},"type":"if","locations":[{"start":{"line":149,"column":2},"end":{"line":149,"column":22}}]},"18":{"loc":{"start":{"line":154,"column":6},"end":{"line":157,"column":7}},"type":"if","locations":[{"start":{"line":154,"column":6},"end":{"line":157,"column":7}}]},"19":{"loc":{"start":{"line":166,"column":2},"end":{"line":166,"column":34}},"type":"if","locations":[{"start":{"line":166,"column":2},"end":{"line":166,"column":34}}]}},"s":{"0":1,"1":1,"2":1,"3":1,"4":1,"5":1,"6":1,"7":1,"8":1,"9":0,"10":0,"11":0,"12":0,"13":0,"14":0,"15":0,"16":0,"17":0,"18":0,"19":0,"20":0,"21":0,"22":0,"23":0,"24":0,"25":0,"26":0,"27":0,"28":0,"29":0,"30":0,"31":0,"32":0,"33":0,"34":0,"35":0,"36":0,"37":0,"38":0,"39":0,"40":0,"41":0,"42":0,"43":0,"44":0,"45":0,"46":0,"47":0,"48":0,"49":0,"50":0,"51":0,"52":0,"53":0,"54":0,"55":0,"56":0,"57":0,"58":0,"59":0,"60":0,"61":0,"62":0,"63":0,"64":0,"65":0,"66":0,"67":0,"68":0,"69":0,"70":0,"71":0,"72":0,"73":0,"74":0,"75":0,"76":0,"77":0,"78":0,"79":0,"80":0,"81":0,"82":0,"83":0,"84":0,"85":0,"86":0,"87":0,"88":0,"89":0,"90":0,"91":0,"92":0,"93":0,"94":1,"95":0},"f":{"0":0,"1":0,"2":0,"3":0,"4":0,"5":0,"6":0,"7":0,"8":0,"9":0,"10":0,"11":0,"12":0,"13":0,"14":0,"15":0,"16":0,"17":0,"18":0},"b":{"0":[0,0],"1":[0,0,0],"2":[0],"3":[0],"4":[0],"5":[0],"6":[0,0],"7":[0,0],"8":[0],"9":[0,0],"10":[0,0],"11":[0,0],"12":[0,0],"13":[0,0],"14":[0],"15":[0,0],"16":[0,0],"17":[0],"18":[0],"19":[0]}}
,"C:\\Users\\acer\\SpellWise\\server\\src\\middleware\\auth.ts": {"path":"C:\\Users\\acer\\SpellWise\\server\\src\\middleware\\auth.ts","statementMap":{"0":{"start":{"line":9,"column":0},"end":{"line":9,"column":16}},"1":{"start":{"line":33,"column":0},"end":{"line":33,"column":16}},"2":{"start":{"line":2,"column":0},"end":{"line":2,"column":44}},"3":{"start":{"line":3,"column":0},"end":{"line":3,"column":35}},"4":{"start":{"line":10,"column":25},"end":{"line":10,"column":54}},"5":{"start":{"line":11,"column":2},"end":{"line":14,"column":3}},"6":{"start":{"line":12,"column":4},"end":{"line":12,"column":86}},"7":{"start":{"line":13,"column":4},"end":{"line":13,"column":18}},"8":{"start":{"line":16,"column":2},"end":{"line":20,"column":3}},"9":{"start":{"line":17,"column":18},"end":{"line":17,"column":89}},"10":{"start":{"line":18,"column":4},"end":{"line":18,"column":76}},"11":{"start":{"line":19,"column":4},"end":{"line":19,"column":18}},"12":{"start":{"line":21,"column":15},"end":{"line":21,"column":40}},"13":{"start":{"line":22,"column":2},"end":{"line":22,"column":84}},"14":{"start":{"line":22,"column":13},"end":{"line":22,"column":84}},"15":{"start":{"line":23,"column":16},"end":{"line":23,"column":43}},"16":{"start":{"line":24,"column":2},"end":{"line":30,"column":3}},"17":{"start":{"line":25,"column":20},"end":{"line":25,"column":46}},"18":{"start":{"line":26,"column":4},"end":{"line":26,"column":30}},"19":{"start":{"line":27,"column":4},"end":{"line":27,"column":11}},"20":{"start":{"line":29,"column":4},"end":{"line":29,"column":60}},"21":{"start":{"line":34,"column":2},"end":{"line":39,"column":4}},"22":{"start":{"line":35,"column":4},"end":{"line":35,"column":40}},"23":{"start":{"line":35,"column":26},"end":{"line":35,"column":40}},"24":{"start":{"line":36,"column":4},"end":{"line":36,"column":77}},"25":{"start":{"line":36,"column":19},"end":{"line":36,"column":77}},"26":{"start":{"line":37,"column":4},"end":{"line":37,"column":84}},"27":{"start":{"line":37,"column":32},"end":{"line":37,"column":84}},"28":{"start":{"line":38,"column":4},"end":{"line":38,"column":11}}},"fnMap":{"0":{"name":"requireAuth","decl":{"start":{"line":9,"column":16},"end":{"line":9,"column":27}},"loc":{"start":{"line":9,"column":81},"end":{"line":31,"column":1}}},"1":{"name":"requireRole","decl":{"start":{"line":33,"column":16},"end":{"line":33,"column":27}},"loc":{"start":{"line":33,"column":55},"end":{"line":40,"column":1}}},"2":{"name":"(anonymous_2)","decl":{"start":{"line":34,"column":9},"end":{"line":34,"column":10}},"loc":{"start":{"line":34,"column":67},"end":{"line":39,"column":3}}}},"branchMap":{"0":{"loc":{"start":{"line":11,"column":2},"end":{"line":14,"column":3}},"type":"if","locations":[{"start":{"line":11,"column":2},"end":{"line":14,"column":3}}]},"1":{"loc":{"start":{"line":11,"column":6},"end":{"line":11,"column":67}},"type":"binary-expr","locations":[{"start":{"line":11,"column":6},"end":{"line":11,"column":20}},{"start":{"line":11,"column":24},"end":{"line":11,"column":67}}]},"2":{"loc":{"start":{"line":16,"column":2},"end":{"line":20,"column":3}},"type":"if","locations":[{"start":{"line":16,"column":2},"end":{"line":20,"column":3}}]},"3":{"loc":{"start":{"line":17,"column":18},"end":{"line":17,"column":89}},"type":"cond-expr","locations":[{"start":{"line":17,"column":68},"end":{"line":17,"column":77}},{"start":{"line":17,"column":80},"end":{"line":17,"column":89}}]},"4":{"loc":{"start":{"line":22,"column":2},"end":{"line":22,"column":84}},"type":"if","locations":[{"start":{"line":22,"column":2},"end":{"line":22,"column":84}}]},"5":{"loc":{"start":{"line":35,"column":4},"end":{"line":35,"column":40}},"type":"if","locations":[{"start":{"line":35,"column":4},"end":{"line":35,"column":40}}]},"6":{"loc":{"start":{"line":36,"column":4},"end":{"line":36,"column":77}},"type":"if","locations":[{"start":{"line":36,"column":4},"end":{"line":36,"column":77}}]},"7":{"loc":{"start":{"line":37,"column":4},"end":{"line":37,"column":84}},"type":"if","locations":[{"start":{"line":37,"column":4},"end":{"line":37,"column":84}}]}},"s":{"0":1,"1":1,"2":1,"3":1,"4":3,"5":3,"6":0,"7":0,"8":3,"9":0,"10":0,"11":0,"12":3,"13":3,"14":0,"15":3,"16":3,"17":3,"18":0,"19":0,"20":3,"21":48,"22":0,"23":0,"24":0,"25":0,"26":0,"27":0,"28":0},"f":{"0":3,"1":48,"2":0},"b":{"0":[0],"1":[3,0],"2":[0],"3":[0,0],"4":[0],"5":[0],"6":[0],"7":[0]}}
,"C:\\Users\\acer\\SpellWise\\server\\src\\middleware\\ownership.ts": {"path":"C:\\Users\\acer\\SpellWise\\server\\src\\middleware\\ownership.ts","statementMap":{"0":{"start":{"line":5,"column":0},"end":{"line":5,"column":16}},"1":{"start":{"line":2,"column":0},"end":{"line":2,"column":50}},"2":{"start":{"line":6,"column":2},"end":{"line":19,"column":4}},"3":{"start":{"line":7,"column":25},"end":{"line":7,"column":38}},"4":{"start":{"line":8,"column":19},"end":{"line":8,"column":32}},"5":{"start":{"line":9,"column":4},"end":{"line":9,"column":72}},"6":{"start":{"line":9,"column":17},"end":{"line":9,"column":72}},"7":{"start":{"line":10,"column":4},"end":{"line":18,"column":5}},"8":{"start":{"line":11,"column":18},"end":{"line":11,"column":73}},"9":{"start":{"line":12,"column":6},"end":{"line":12,"column":79}},"10":{"start":{"line":12,"column":16},"end":{"line":12,"column":79}},"11":{"start":{"line":13,"column":6},"end":{"line":14,"column":81}},"12":{"start":{"line":14,"column":8},"end":{"line":14,"column":81}},"13":{"start":{"line":15,"column":6},"end":{"line":15,"column":13}},"14":{"start":{"line":17,"column":6},"end":{"line":17,"column":71}}},"fnMap":{"0":{"name":"requireExperimentOwnership","decl":{"start":{"line":5,"column":16},"end":{"line":5,"column":42}},"loc":{"start":{"line":5,"column":42},"end":{"line":20,"column":1}}},"1":{"name":"(anonymous_1)","decl":{"start":{"line":6,"column":9},"end":{"line":6,"column":14}},"loc":{"start":{"line":6,"column":73},"end":{"line":19,"column":3}}}},"branchMap":{"0":{"loc":{"start":{"line":9,"column":4},"end":{"line":9,"column":72}},"type":"if","locations":[{"start":{"line":9,"column":4},"end":{"line":9,"column":72}}]},"1":{"loc":{"start":{"line":12,"column":6},"end":{"line":12,"column":79}},"type":"if","locations":[{"start":{"line":12,"column":6},"end":{"line":12,"column":79}}]},"2":{"loc":{"start":{"line":13,"column":6},"end":{"line":14,"column":81}},"type":"if","locations":[{"start":{"line":13,"column":6},"end":{"line":14,"column":81}}]},"3":{"loc":{"start":{"line":13,"column":10},"end":{"line":13,"column":54}},"type":"binary-expr","locations":[{"start":{"line":13,"column":10},"end":{"line":13,"column":19}},{"start":{"line":13,"column":23},"end":{"line":13,"column":54}}]}},"s":{"0":1,"1":1,"2":8,"3":0,"4":0,"5":0,"6":0,"7":0,"8":0,"9":0,"10":0,"11":0,"12":0,"13":0,"14":0},"f":{"0":8,"1":0},"b":{"0":[0],"1":[0],"2":[0],"3":[0,0]}}
,"C:\\Users\\acer\\SpellWise\\server\\src\\middleware\\rateLimiter.ts": {"path":"C:\\Users\\acer\\SpellWise\\server\\src\\middleware\\rateLimiter.ts","statementMap":{"0":{"start":{"line":4,"column":19},"end":{"line":4,"column":72}},"1":{"start":{"line":6,"column":29},"end":{"line":26,"column":1}},"2":{"start":{"line":7,"column":2},"end":{"line":25,"column":4}},"3":{"start":{"line":8,"column":19},"end":{"line":8,"column":32}},"4":{"start":{"line":9,"column":4},"end":{"line":9,"column":31}},"5":{"start":{"line":9,"column":17},"end":{"line":9,"column":31}},"6":{"start":{"line":10,"column":16},"end":{"line":10,"column":26}},"7":{"start":{"line":11,"column":21},"end":{"line":11,"column":46}},"8":{"start":{"line":12,"column":19},"end":{"line":12,"column":41}},"9":{"start":{"line":13,"column":4},"end":{"line":16,"column":5}},"10":{"start":{"line":14,"column":6},"end":{"line":14,"column":68}},"11":{"start":{"line":15,"column":6},"end":{"line":15,"column":20}},"12":{"start":{"line":17,"column":4},"end":{"line":22,"column":5}},"13":{"start":{"line":18,"column":6},"end":{"line":21,"column":9}},"14":{"start":{"line":23,"column":4},"end":{"line":23,"column":22}},"15":{"start":{"line":24,"column":4},"end":{"line":24,"column":11}},"16":{"start":{"line":6,"column":13},"end":{"line":6,"column":29}},"17":{"start":{"line":28,"column":0},"end":{"line":33,"column":12}},"18":{"start":{"line":29,"column":14},"end":{"line":29,"column":24}},"19":{"start":{"line":30,"column":2},"end":{"line":32,"column":3}},"20":{"start":{"line":31,"column":4},"end":{"line":31,"column":65}},"21":{"start":{"line":31,"column":39},"end":{"line":31,"column":65}}},"fnMap":{"0":{"name":"(anonymous_0)","decl":{"start":{"line":6,"column":29},"end":{"line":6,"column":30}},"loc":{"start":{"line":6,"column":76},"end":{"line":26,"column":1}}},"1":{"name":"(anonymous_1)","decl":{"start":{"line":7,"column":9},"end":{"line":7,"column":10}},"loc":{"start":{"line":7,"column":67},"end":{"line":25,"column":3}}},"2":{"name":"(anonymous_2)","decl":{"start":{"line":28,"column":12},"end":{"line":28,"column":15}},"loc":{"start":{"line":28,"column":17},"end":{"line":33,"column":1}}}},"branchMap":{"0":{"loc":{"start":{"line":9,"column":4},"end":{"line":9,"column":31}},"type":"if","locations":[{"start":{"line":9,"column":4},"end":{"line":9,"column":31}}]},"1":{"loc":{"start":{"line":13,"column":4},"end":{"line":16,"column":5}},"type":"if","locations":[{"start":{"line":13,"column":4},"end":{"line":16,"column":5}}]},"2":{"loc":{"start":{"line":13,"column":8},"end":{"line":13,"column":39}},"type":"binary-expr","locations":[{"start":{"line":13,"column":8},"end":{"line":13,"column":15}},{"start":{"line":13,"column":19},"end":{"line":13,"column":39}}]},"3":{"loc":{"start":{"line":17,"column":4},"end":{"line":22,"column":5}},"type":"if","locations":[{"start":{"line":17,"column":4},"end":{"line":22,"column":5}}]},"4":{"loc":{"start":{"line":31,"column":4},"end":{"line":31,"column":65}},"type":"if","locations":[{"start":{"line":31,"column":4},"end":{"line":31,"column":65}}]}},"s":{"0":0,"1":0,"2":0,"3":0,"4":0,"5":0,"6":0,"7":0,"8":0,"9":0,"10":0,"11":0,"12":0,"13":0,"14":0,"15":0,"16":0,"17":0,"18":0,"19":0,"20":0,"21":0},"f":{"0":0,"1":0,"2":0},"b":{"0":[0],"1":[0],"2":[0,0],"3":[0],"4":[0]}}
,"C:\\Users\\acer\\SpellWise\\server\\src\\models\\Assignment.ts": {"path":"C:\\Users\\acer\\SpellWise\\server\\src\\models\\Assignment.ts","statementMap":{"0":{"start":{"line":1,"column":0},"end":{"line":1,"column":61}},"1":{"start":{"line":15,"column":25},"end":{"line":23,"column":2}},"2":{"start":{"line":22,"column":42},"end":{"line":22,"column":52}},"3":{"start":{"line":25,"column":0},"end":{"line":25,"column":72}},"4":{"start":{"line":28,"column":0},"end":{"line":28,"column":56}},"5":{"start":{"line":30,"column":13},"end":{"line":30,"column":86}}},"fnMap":{"0":{"name":"(anonymous_9)","decl":{"start":{"line":22,"column":36},"end":{"line":22,"column":39}},"loc":{"start":{"line":22,"column":42},"end":{"line":22,"column":52}}}},"branchMap":{},"s":{"0":1,"1":1,"2":0,"3":1,"4":1,"5":1},"f":{"0":0},"b":{}}
,"C:\\Users\\acer\\SpellWise\\server\\src\\models\\Attempt.ts": {"path":"C:\\Users\\acer\\SpellWise\\server\\src\\models\\Attempt.ts","statementMap":{"0":{"start":{"line":1,"column":0},"end":{"line":1,"column":61}},"1":{"start":{"line":37,"column":22},"end":{"line":70,"column":2}},"2":{"start":{"line":59,"column":46},"end":{"line":59,"column":56}},"3":{"start":{"line":69,"column":42},"end":{"line":69,"column":52}},"4":{"start":{"line":72,"column":0},"end":{"line":75,"column":2}},"5":{"start":{"line":77,"column":0},"end":{"line":77,"column":51}},"6":{"start":{"line":78,"column":0},"end":{"line":78,"column":51}},"7":{"start":{"line":79,"column":0},"end":{"line":79,"column":49}},"8":{"start":{"line":80,"column":0},"end":{"line":80,"column":49}},"9":{"start":{"line":82,"column":13},"end":{"line":82,"column":74}}},"fnMap":{"0":{"name":"(anonymous_9)","decl":{"start":{"line":59,"column":40},"end":{"line":59,"column":43}},"loc":{"start":{"line":59,"column":46},"end":{"line":59,"column":56}}},"1":{"name":"(anonymous_10)","decl":{"start":{"line":69,"column":36},"end":{"line":69,"column":39}},"loc":{"start":{"line":69,"column":42},"end":{"line":69,"column":52}}}},"branchMap":{},"s":{"0":1,"1":1,"2":0,"3":0,"4":1,"5":1,"6":1,"7":1,"8":1,"9":1},"f":{"0":0,"1":0},"b":{}}
,"C:\\Users\\acer\\SpellWise\\server\\src\\models\\ClassSession.ts": {"path":"C:\\Users\\acer\\SpellWise\\server\\src\\models\\ClassSession.ts","statementMap":{"0":{"start":{"line":1,"column":0},"end":{"line":1,"column":61}},"1":{"start":{"line":20,"column":27},"end":{"line":33,"column":2}},"2":{"start":{"line":27,"column":42},"end":{"line":27,"column":52}},"3":{"start":{"line":35,"column":13},"end":{"line":35,"column":94}}},"fnMap":{"0":{"name":"(anonymous_9)","decl":{"start":{"line":27,"column":36},"end":{"line":27,"column":39}},"loc":{"start":{"line":27,"column":42},"end":{"line":27,"column":52}}}},"branchMap":{},"s":{"0":1,"1":1,"2":0,"3":1},"f":{"0":0},"b":{}}
,"C:\\Users\\acer\\SpellWise\\server\\src\\models\\Condition.ts": {"path":"C:\\Users\\acer\\SpellWise\\server\\src\\models\\Condition.ts","statementMap":{"0":{"start":{"line":1,"column":0},"end":{"line":1,"column":61}},"1":{"start":{"line":11,"column":24},"end":{"line":15,"column":2}},"2":{"start":{"line":14,"column":42},"end":{"line":14,"column":52}},"3":{"start":{"line":17,"column":0},"end":{"line":17,"column":68}},"4":{"start":{"line":19,"column":13},"end":{"line":19,"column":82}}},"fnMap":{"0":{"name":"(anonymous_9)","decl":{"start":{"line":14,"column":36},"end":{"line":14,"column":39}},"loc":{"start":{"line":14,"column":42},"end":{"line":14,"column":52}}}},"branchMap":{},"s":{"0":1,"1":1,"2":0,"3":1,"4":1},"f":{"0":0},"b":{}}
,"C:\\Users\\acer\\SpellWise\\server\\src\\models\\EffortResponse.ts": {"path":"C:\\Users\\acer\\SpellWise\\server\\src\\models\\EffortResponse.ts","statementMap":{"0":{"start":{"line":1,"column":0},"end":{"line":1,"column":61}},"1":{"start":{"line":12,"column":21},"end":{"line":19,"column":2}},"2":{"start":{"line":18,"column":35},"end":{"line":18,"column":45}},"3":{"start":{"line":21,"column":13},"end":{"line":21,"column":94}}},"fnMap":{"0":{"name":"(anonymous_9)","decl":{"start":{"line":18,"column":29},"end":{"line":18,"column":32}},"loc":{"start":{"line":18,"column":35},"end":{"line":18,"column":45}}}},"branchMap":{},"s":{"0":1,"1":1,"2":0,"3":1},"f":{"0":0},"b":{}}
,"C:\\Users\\acer\\SpellWise\\server\\src\\models\\Event.ts": {"path":"C:\\Users\\acer\\SpellWise\\server\\src\\models\\Event.ts","statementMap":{"0":{"start":{"line":1,"column":0},"end":{"line":1,"column":61}},"1":{"start":{"line":22,"column":20},"end":{"line":30,"column":2}},"2":{"start":{"line":29,"column":35},"end":{"line":29,"column":45}},"3":{"start":{"line":33,"column":0},"end":{"line":33,"column":41}},"4":{"start":{"line":34,"column":0},"end":{"line":34,"column":43}},"5":{"start":{"line":35,"column":0},"end":{"line":35,"column":43}},"6":{"start":{"line":37,"column":13},"end":{"line":37,"column":66}}},"fnMap":{"0":{"name":"(anonymous_9)","decl":{"start":{"line":29,"column":29},"end":{"line":29,"column":32}},"loc":{"start":{"line":29,"column":35},"end":{"line":29,"column":45}}}},"branchMap":{},"s":{"0":1,"1":1,"2":0,"3":1,"4":1,"5":1,"6":1},"f":{"0":0},"b":{}}
,"C:\\Users\\acer\\SpellWise\\server\\src\\models\\Experiment.ts": {"path":"C:\\Users\\acer\\SpellWise\\server\\src\\models\\Experiment.ts","statementMap":{"0":{"start":{"line":1,"column":0},"end":{"line":1,"column":51}},"1":{"start":{"line":24,"column":25},"end":{"line":54,"column":null}},"2":{"start":{"line":37,"column":36},"end":{"line":37,"column":50}},"3":{"start":{"line":57,"column":13},"end":{"line":58,"column":92}}},"fnMap":{"0":{"name":"(anonymous_9)","decl":{"start":{"line":37,"column":19},"end":{"line":37,"column":20}},"loc":{"start":{"line":37,"column":36},"end":{"line":37,"column":50}}}},"branchMap":{"0":{"loc":{"start":{"line":58,"column":2},"end":{"line":58,"column":91}},"type":"binary-expr","locations":[{"start":{"line":58,"column":2},"end":{"line":58,"column":28}},{"start":{"line":58,"column":32},"end":{"line":58,"column":91}}]}},"s":{"0":1,"1":1,"2":0,"3":1},"f":{"0":0},"b":{"0":[1,1]}}
,"C:\\Users\\acer\\SpellWise\\server\\src\\models\\Story.ts": {"path":"C:\\Users\\acer\\SpellWise\\server\\src\\models\\Story.ts","statementMap":{"0":{"start":{"line":1,"column":0},"end":{"line":1,"column":61}},"1":{"start":{"line":22,"column":20},"end":{"line":45,"column":2}},"2":{"start":{"line":44,"column":42},"end":{"line":44,"column":52}},"3":{"start":{"line":48,"column":0},"end":{"line":48,"column":65}},"4":{"start":{"line":50,"column":13},"end":{"line":50,"column":66}}},"fnMap":{"0":{"name":"(anonymous_9)","decl":{"start":{"line":44,"column":36},"end":{"line":44,"column":39}},"loc":{"start":{"line":44,"column":42},"end":{"line":44,"column":52}}}},"branchMap":{},"s":{"0":1,"1":1,"2":0,"3":1,"4":1},"f":{"0":0},"b":{}}
,"C:\\Users\\acer\\SpellWise\\server\\src\\models\\StoryTemplate.ts": {"path":"C:\\Users\\acer\\SpellWise\\server\\src\\models\\StoryTemplate.ts","statementMap":{"0":{"start":{"line":1,"column":0},"end":{"line":1,"column":61}},"1":{"start":{"line":30,"column":28},"end":{"line":62,"column":2}},"2":{"start":{"line":35,"column":62},"end":{"line":35,"column":78}},"3":{"start":{"line":60,"column":42},"end":{"line":60,"column":52}},"4":{"start":{"line":61,"column":42},"end":{"line":61,"column":52}},"5":{"start":{"line":64,"column":0},"end":{"line":67,"column":3}},"6":{"start":{"line":65,"column":2},"end":{"line":65,"column":30}},"7":{"start":{"line":66,"column":2},"end":{"line":66,"column":9}},"8":{"start":{"line":69,"column":13},"end":{"line":69,"column":98}}},"fnMap":{"0":{"name":"(anonymous_9)","decl":{"start":{"line":35,"column":43},"end":{"line":35,"column":44}},"loc":{"start":{"line":35,"column":62},"end":{"line":35,"column":78}}},"1":{"name":"(anonymous_10)","decl":{"start":{"line":60,"column":36},"end":{"line":60,"column":39}},"loc":{"start":{"line":60,"column":42},"end":{"line":60,"column":52}}},"2":{"name":"(anonymous_11)","decl":{"start":{"line":61,"column":36},"end":{"line":61,"column":39}},"loc":{"start":{"line":61,"column":42},"end":{"line":61,"column":52}}},"3":{"name":"(anonymous_12)","decl":{"start":{"line":64,"column":32},"end":{"line":64,"column":42}},"loc":{"start":{"line":64,"column":46},"end":{"line":67,"column":1}}}},"branchMap":{},"s":{"0":1,"1":1,"2":0,"3":0,"4":0,"5":1,"6":0,"7":0,"8":1},"f":{"0":0,"1":0,"2":0,"3":0},"b":{}}
,"C:\\Users\\acer\\SpellWise\\server\\src\\models\\User.ts": {"path":"C:\\Users\\acer\\SpellWise\\server\\src\\models\\User.ts","statementMap":{"0":{"start":{"line":1,"column":0},"end":{"line":1,"column":54}},"1":{"start":{"line":12,"column":19},"end":{"line":18,"column":2}},"2":{"start":{"line":17,"column":42},"end":{"line":17,"column":52}},"3":{"start":{"line":20,"column":13},"end":{"line":20,"column":62}}},"fnMap":{"0":{"name":"(anonymous_9)","decl":{"start":{"line":17,"column":36},"end":{"line":17,"column":39}},"loc":{"start":{"line":17,"column":42},"end":{"line":17,"column":52}}}},"branchMap":{},"s":{"0":1,"1":1,"2":0,"3":1},"f":{"0":0},"b":{}}
,"C:\\Users\\acer\\SpellWise\\server\\src\\routes\\analytics.ts": {"path":"C:\\Users\\acer\\SpellWise\\server\\src\\routes\\analytics.ts","statementMap":{"0":{"start":{"line":1,"column":0},"end":{"line":1,"column":33}},"1":{"start":{"line":2,"column":0},"end":{"line":2,"column":62}},"2":{"start":{"line":3,"column":0},"end":{"line":3,"column":44}},"3":{"start":{"line":4,"column":0},"end":{"line":4,"column":40}},"4":{"start":{"line":5,"column":0},"end":{"line":5,"column":58}},"5":{"start":{"line":7,"column":15},"end":{"line":7,"column":23}},"6":{"start":{"line":9,"column":0},"end":{"line":46,"column":3}},"7":{"start":{"line":10,"column":20},"end":{"line":10,"column":33}},"8":{"start":{"line":11,"column":19},"end":{"line":11,"column":61}},"9":{"start":{"line":12,"column":17},"end":{"line":12,"column":57}},"10":{"start":{"line":13,"column":18},"end":{"line":13,"column":67}},"11":{"start":{"line":15,"column":95},"end":{"line":15,"column":97}},"12":{"start":{"line":16,"column":2},"end":{"line":22,"column":3}},"13":{"start":{"line":17,"column":19},"end":{"line":17,"column":86}},"14":{"start":{"line":18,"column":4},"end":{"line":18,"column":74}},"15":{"start":{"line":18,"column":43},"end":{"line":18,"column":74}},"16":{"start":{"line":19,"column":4},"end":{"line":19,"column":70}},"17":{"start":{"line":19,"column":41},"end":{"line":19,"column":70}},"18":{"start":{"line":20,"column":4},"end":{"line":20,"column":47}},"19":{"start":{"line":21,"column":4},"end":{"line":21,"column":34}},"20":{"start":{"line":24,"column":20},"end":{"line":31,"column":5}},"21":{"start":{"line":24,"column":63},"end":{"line":31,"column":4}},"22":{"start":{"line":27,"column":37},"end":{"line":27,"column":42}},"23":{"start":{"line":29,"column":62},"end":{"line":29,"column":67}},"24":{"start":{"line":33,"column":21},"end":{"line":33,"column":93}},"25":{"start":{"line":33,"column":41},"end":{"line":33,"column":91}},"26":{"start":{"line":34,"column":21},"end":{"line":38,"column":4}},"27":{"start":{"line":35,"column":32},"end":{"line":35,"column":55}},"28":{"start":{"line":36,"column":33},"end":{"line":36,"column":57}},"29":{"start":{"line":37,"column":32},"end":{"line":37,"column":55}},"30":{"start":{"line":40,"column":2},"end":{"line":45,"column":5}},"31":{"start":{"line":48,"column":0},"end":{"line":102,"column":3}},"32":{"start":{"line":49,"column":20},"end":{"line":49,"column":33}},"33":{"start":{"line":50,"column":15},"end":{"line":50,"column":49}},"34":{"start":{"line":51,"column":2},"end":{"line":101,"column":3}},"35":{"start":{"line":52,"column":19},"end":{"line":52,"column":59}},"36":{"start":{"line":53,"column":19},"end":{"line":53,"column":81}},"37":{"start":{"line":54,"column":17},"end":{"line":61,"column":6}},"38":{"start":{"line":54,"column":35},"end":{"line":61,"column":6}},"39":{"start":{"line":62,"column":16},"end":{"line":64,"column":17}},"40":{"start":{"line":63,"column":18},"end":{"line":63,"column":83}},"41":{"start":{"line":63,"column":31},"end":{"line":63,"column":72}},"42":{"start":{"line":65,"column":4},"end":{"line":65,"column":46}},"43":{"start":{"line":66,"column":4},"end":{"line":66,"column":99}},"44":{"start":{"line":67,"column":4},"end":{"line":67,"column":25}},"45":{"start":{"line":69,"column":21},"end":{"line":69,"column":63}},"46":{"start":{"line":70,"column":19},"end":{"line":80,"column":6}},"47":{"start":{"line":81,"column":17},"end":{"line":91,"column":6}},"48":{"start":{"line":81,"column":37},"end":{"line":91,"column":6}},"49":{"start":{"line":90,"column":36},"end":{"line":90,"column":42}},"50":{"start":{"line":92,"column":16},"end":{"line":94,"column":17}},"51":{"start":{"line":93,"column":18},"end":{"line":93,"column":83}},"52":{"start":{"line":93,"column":31},"end":{"line":93,"column":72}},"53":{"start":{"line":95,"column":4},"end":{"line":95,"column":46}},"54":{"start":{"line":96,"column":4},"end":{"line":99,"column":6}},"55":{"start":{"line":100,"column":4},"end":{"line":100,"column":25}},"56":{"start":{"line":104,"column":0},"end":{"line":104,"column":22}}},"fnMap":{"0":{"name":"(anonymous_0)","decl":{"start":{"line":9,"column":64},"end":{"line":9,"column":69}},"loc":{"start":{"line":9,"column":83},"end":{"line":46,"column":1}}},"1":{"name":"(anonymous_1)","decl":{"start":{"line":24,"column":47},"end":{"line":24,"column":48}},"loc":{"start":{"line":24,"column":63},"end":{"line":31,"column":4}}},"2":{"name":"(anonymous_2)","decl":{"start":{"line":27,"column":27},"end":{"line":27,"column":28}},"loc":{"start":{"line":27,"column":37},"end":{"line":27,"column":42}}},"3":{"name":"(anonymous_3)","decl":{"start":{"line":29,"column":52},"end":{"line":29,"column":53}},"loc":{"start":{"line":29,"column":62},"end":{"line":29,"column":67}}},"4":{"name":"(anonymous_4)","decl":{"start":{"line":33,"column":33},"end":{"line":33,"column":34}},"loc":{"start":{"line":33,"column":41},"end":{"line":33,"column":91}}},"5":{"name":"(anonymous_5)","decl":{"start":{"line":35,"column":25},"end":{"line":35,"column":26}},"loc":{"start":{"line":35,"column":32},"end":{"line":35,"column":55}}},"6":{"name":"(anonymous_6)","decl":{"start":{"line":36,"column":26},"end":{"line":36,"column":27}},"loc":{"start":{"line":36,"column":33},"end":{"line":36,"column":57}}},"7":{"name":"(anonymous_7)","decl":{"start":{"line":37,"column":25},"end":{"line":37,"column":26}},"loc":{"start":{"line":37,"column":32},"end":{"line":37,"column":55}}},"8":{"name":"(anonymous_8)","decl":{"start":{"line":48,"column":68},"end":{"line":48,"column":73}},"loc":{"start":{"line":48,"column":87},"end":{"line":102,"column":1}}},"9":{"name":"(anonymous_9)","decl":{"start":{"line":54,"column":28},"end":{"line":54,"column":29}},"loc":{"start":{"line":54,"column":35},"end":{"line":61,"column":6}}},"10":{"name":"(anonymous_10)","decl":{"start":{"line":63,"column":11},"end":{"line":63,"column":12}},"loc":{"start":{"line":63,"column":18},"end":{"line":63,"column":83}}},"11":{"name":"(anonymous_11)","decl":{"start":{"line":63,"column":24},"end":{"line":63,"column":25}},"loc":{"start":{"line":63,"column":31},"end":{"line":63,"column":72}}},"12":{"name":"(anonymous_12)","decl":{"start":{"line":81,"column":30},"end":{"line":81,"column":31}},"loc":{"start":{"line":81,"column":37},"end":{"line":91,"column":6}}},"13":{"name":"(anonymous_13)","decl":{"start":{"line":90,"column":29},"end":{"line":90,"column":30}},"loc":{"start":{"line":90,"column":36},"end":{"line":90,"column":42}}},"14":{"name":"(anonymous_14)","decl":{"start":{"line":93,"column":11},"end":{"line":93,"column":12}},"loc":{"start":{"line":93,"column":18},"end":{"line":93,"column":83}}},"15":{"name":"(anonymous_15)","decl":{"start":{"line":93,"column":24},"end":{"line":93,"column":25}},"loc":{"start":{"line":93,"column":31},"end":{"line":93,"column":72}}}},"branchMap":{"0":{"loc":{"start":{"line":17,"column":19},"end":{"line":17,"column":86}},"type":"binary-expr","locations":[{"start":{"line":17,"column":19},"end":{"line":17,"column":39}},{"start":{"line":17,"column":43},"end":{"line":17,"column":86}}]},"1":{"loc":{"start":{"line":18,"column":4},"end":{"line":18,"column":74}},"type":"if","locations":[{"start":{"line":18,"column":4},"end":{"line":18,"column":74}}]},"2":{"loc":{"start":{"line":19,"column":4},"end":{"line":19,"column":70}},"type":"if","locations":[{"start":{"line":19,"column":4},"end":{"line":19,"column":70}}]},"3":{"loc":{"start":{"line":20,"column":23},"end":{"line":20,"column":46}},"type":"binary-expr","locations":[{"start":{"line":20,"column":23},"end":{"line":20,"column":41}},{"start":{"line":20,"column":45},"end":{"line":20,"column":46}}]},"4":{"loc":{"start":{"line":26,"column":18},"end":{"line":28,"column":9}},"type":"cond-expr","locations":[{"start":{"line":27,"column":8},"end":{"line":27,"column":67}},{"start":{"line":28,"column":8},"end":{"line":28,"column":9}}]},"5":{"loc":{"start":{"line":29,"column":16},"end":{"line":29,"column":94}},"type":"cond-expr","locations":[{"start":{"line":29,"column":35},"end":{"line":29,"column":90}},{"start":{"line":29,"column":93},"end":{"line":29,"column":94}}]},"6":{"loc":{"start":{"line":50,"column":22},"end":{"line":50,"column":48}},"type":"binary-expr","locations":[{"start":{"line":50,"column":22},"end":{"line":50,"column":36}},{"start":{"line":50,"column":40},"end":{"line":50,"column":48}}]},"7":{"loc":{"start":{"line":51,"column":2},"end":{"line":101,"column":3}},"type":"if","locations":[{"start":{"line":51,"column":2},"end":{"line":101,"column":3}},{"start":{"line":68,"column":9},"end":{"line":101,"column":3}}]},"8":{"loc":{"start":{"line":58,"column":6},"end":{"line":58,"column":24}},"type":"binary-expr","locations":[{"start":{"line":58,"column":6},"end":{"line":58,"column":18}},{"start":{"line":58,"column":22},"end":{"line":58,"column":24}}]},"9":{"loc":{"start":{"line":60,"column":21},"end":{"line":60,"column":36}},"type":"binary-expr","locations":[{"start":{"line":60,"column":21},"end":{"line":60,"column":30}},{"start":{"line":60,"column":34},"end":{"line":60,"column":36}}]},"10":{"loc":{"start":{"line":89,"column":6},"end":{"line":89,"column":29}},"type":"binary-expr","locations":[{"start":{"line":89,"column":6},"end":{"line":89,"column":24}},{"start":{"line":89,"column":28},"end":{"line":89,"column":29}}]},"11":{"loc":{"start":{"line":90,"column":7},"end":{"line":90,"column":23}},"type":"binary-expr","locations":[{"start":{"line":90,"column":7},"end":{"line":90,"column":17}},{"start":{"line":90,"column":21},"end":{"line":90,"column":23}}]}},"s":{"0":1,"1":1,"2":1,"3":1,"4":1,"5":1,"6":1,"7":0,"8":0,"9":0,"10":0,"11":0,"12":0,"13":0,"14":0,"15":0,"16":0,"17":0,"18":0,"19":0,"20":0,"21":0,"22":0,"23":0,"24":0,"25":0,"26":0,"27":0,"28":0,"29":0,"30":0,"31":1,"32":0,"33":0,"34":0,"35":0,"36":0,"37":0,"38":0,"39":0,"40":0,"41":0,"42":0,"43":0,"44":0,"45":0,"46":0,"47":0,"48":0,"49":0,"50":0,"51":0,"52":0,"53":0,"54":0,"55":0,"56":1},"f":{"0":0,"1":0,"2":0,"3":0,"4":0,"5":0,"6":0,"7":0,"8":0,"9":0,"10":0,"11":0,"12":0,"13":0,"14":0,"15":0},"b":{"0":[0,0],"1":[0],"2":[0],"3":[0,0],"4":[0,0],"5":[0,0],"6":[0,0],"7":[0,0],"8":[0,0],"9":[0,0],"10":[0,0],"11":[0,0]}}
,"C:\\Users\\acer\\SpellWise\\server\\src\\routes\\auth.ts": {"path":"C:\\Users\\acer\\SpellWise\\server\\src\\routes\\auth.ts","statementMap":{"0":{"start":{"line":1,"column":0},"end":{"line":1,"column":33}},"1":{"start":{"line":2,"column":0},"end":{"line":2,"column":24}},"2":{"start":{"line":3,"column":0},"end":{"line":3,"column":30}},"3":{"start":{"line":4,"column":0},"end":{"line":4,"column":38}},"4":{"start":{"line":5,"column":0},"end":{"line":5,"column":80}},"5":{"start":{"line":6,"column":0},"end":{"line":6,"column":37}},"6":{"start":{"line":8,"column":15},"end":{"line":8,"column":23}},"7":{"start":{"line":10,"column":21},"end":{"line":14,"column":2}},"8":{"start":{"line":16,"column":0},"end":{"line":29,"column":3}},"9":{"start":{"line":17,"column":17},"end":{"line":17,"column":49}},"10":{"start":{"line":18,"column":2},"end":{"line":18,"column":86}},"11":{"start":{"line":18,"column":23},"end":{"line":18,"column":86}},"12":{"start":{"line":19,"column":29},"end":{"line":19,"column":47}},"13":{"start":{"line":20,"column":16},"end":{"line":22,"column":18}},"14":{"start":{"line":23,"column":19},"end":{"line":23,"column":48}},"15":{"start":{"line":24,"column":2},"end":{"line":24,"column":83}},"16":{"start":{"line":24,"column":16},"end":{"line":24,"column":83}},"17":{"start":{"line":25,"column":23},"end":{"line":25,"column":54}},"18":{"start":{"line":26,"column":15},"end":{"line":26,"column":63}},"19":{"start":{"line":27,"column":2},"end":{"line":27,"column":90}},"20":{"start":{"line":28,"column":2},"end":{"line":28,"column":36}},"21":{"start":{"line":31,"column":20},"end":{"line":31,"column":88}},"22":{"start":{"line":33,"column":0},"end":{"line":54,"column":3}},"23":{"start":{"line":34,"column":17},"end":{"line":34,"column":48}},"24":{"start":{"line":35,"column":2},"end":{"line":35,"column":98}},"25":{"start":{"line":35,"column":23},"end":{"line":35,"column":98}},"26":{"start":{"line":36,"column":16},"end":{"line":38,"column":18}},"27":{"start":{"line":39,"column":19},"end":{"line":39,"column":62}},"28":{"start":{"line":40,"column":15},"end":{"line":40,"column":44}},"29":{"start":{"line":41,"column":2},"end":{"line":41,"column":75}},"30":{"start":{"line":41,"column":13},"end":{"line":41,"column":75}},"31":{"start":{"line":42,"column":13},"end":{"line":42,"column":62}},"32":{"start":{"line":43,"column":2},"end":{"line":43,"column":73}},"33":{"start":{"line":43,"column":11},"end":{"line":43,"column":73}},"34":{"start":{"line":44,"column":22},"end":{"line":49,"column":4}},"35":{"start":{"line":50,"column":23},"end":{"line":50,"column":66}},"36":{"start":{"line":51,"column":2},"end":{"line":51,"column":75}},"37":{"start":{"line":52,"column":2},"end":{"line":52,"column":90}},"38":{"start":{"line":53,"column":2},"end":{"line":53,"column":96}},"39":{"start":{"line":56,"column":0},"end":{"line":75,"column":3}},"40":{"start":{"line":57,"column":16},"end":{"line":57,"column":36}},"41":{"start":{"line":58,"column":2},"end":{"line":58,"column":72}},"42":{"start":{"line":58,"column":14},"end":{"line":58,"column":72}},"43":{"start":{"line":59,"column":2},"end":{"line":74,"column":3}},"44":{"start":{"line":60,"column":20},"end":{"line":60,"column":47}},"45":{"start":{"line":61,"column":17},"end":{"line":61,"column":49}},"46":{"start":{"line":62,"column":4},"end":{"line":62,"column":73}},"47":{"start":{"line":62,"column":15},"end":{"line":62,"column":73}},"48":{"start":{"line":63,"column":24},"end":{"line":68,"column":6}},"49":{"start":{"line":69,"column":4},"end":{"line":69,"column":58}},"50":{"start":{"line":70,"column":4},"end":{"line":70,"column":37}},"51":{"start":{"line":72,"column":4},"end":{"line":72,"column":54}},"52":{"start":{"line":73,"column":4},"end":{"line":73,"column":62}},"53":{"start":{"line":77,"column":0},"end":{"line":81,"column":3}},"54":{"start":{"line":78,"column":2},"end":{"line":78,"column":29}},"55":{"start":{"line":79,"column":2},"end":{"line":79,"column":34}},"56":{"start":{"line":80,"column":2},"end":{"line":80,"column":25}},"57":{"start":{"line":84,"column":0},"end":{"line":101,"column":3}},"58":{"start":{"line":85,"column":18},"end":{"line":91,"column":11}},"59":{"start":{"line":92,"column":22},"end":{"line":92,"column":52}},"60":{"start":{"line":93,"column":2},"end":{"line":93,"column":36}},"61":{"start":{"line":94,"column":2},"end":{"line":100,"column":5}},"62":{"start":{"line":104,"column":17},"end":{"line":107,"column":27}},"63":{"start":{"line":108,"column":28},"end":{"line":108,"column":89}},"64":{"start":{"line":109,"column":27},"end":{"line":109,"column":88}},"65":{"start":{"line":112,"column":0},"end":{"line":114,"column":3}},"66":{"start":{"line":113,"column":2},"end":{"line":113,"column":76}},"67":{"start":{"line":116,"column":0},"end":{"line":155,"column":3}},"68":{"start":{"line":117,"column":17},"end":{"line":117,"column":55}},"69":{"start":{"line":118,"column":2},"end":{"line":119,"column":82}},"70":{"start":{"line":119,"column":4},"end":{"line":119,"column":82}},"71":{"start":{"line":120,"column":33},"end":{"line":120,"column":51}},"72":{"start":{"line":122,"column":13},"end":{"line":122,"column":62}},"73":{"start":{"line":123,"column":2},"end":{"line":142,"column":3}},"74":{"start":{"line":124,"column":4},"end":{"line":141,"column":5}},"75":{"start":{"line":125,"column":27},"end":{"line":125,"column":58}},"76":{"start":{"line":126,"column":6},"end":{"line":126,"column":76}},"77":{"start":{"line":127,"column":6},"end":{"line":127,"column":89}},"78":{"start":{"line":130,"column":18},"end":{"line":130,"column":65}},"79":{"start":{"line":131,"column":6},"end":{"line":134,"column":7}},"80":{"start":{"line":132,"column":8},"end":{"line":132,"column":76}},"81":{"start":{"line":133,"column":8},"end":{"line":133,"column":77}},"82":{"start":{"line":135,"column":6},"end":{"line":135,"column":63}},"83":{"start":{"line":136,"column":6},"end":{"line":139,"column":7}},"84":{"start":{"line":137,"column":8},"end":{"line":137,"column":81}},"85":{"start":{"line":138,"column":8},"end":{"line":138,"column":77}},"86":{"start":{"line":140,"column":6},"end":{"line":140,"column":81}},"87":{"start":{"line":144,"column":13},"end":{"line":144,"column":62}},"88":{"start":{"line":145,"column":2},"end":{"line":145,"column":73}},"89":{"start":{"line":145,"column":11},"end":{"line":145,"column":73}},"90":{"start":{"line":146,"column":22},"end":{"line":150,"column":4}},"91":{"start":{"line":151,"column":23},"end":{"line":151,"column":66}},"92":{"start":{"line":152,"column":2},"end":{"line":152,"column":75}},"93":{"start":{"line":153,"column":2},"end":{"line":153,"column":82}},"94":{"start":{"line":154,"column":2},"end":{"line":154,"column":77}},"95":{"start":{"line":157,"column":0},"end":{"line":157,"column":22}}},"fnMap":{"0":{"name":"(anonymous_1)","decl":{"start":{"line":16,"column":23},"end":{"line":16,"column":28}},"loc":{"start":{"line":16,"column":42},"end":{"line":29,"column":1}}},"1":{"name":"(anonymous_2)","decl":{"start":{"line":33,"column":22},"end":{"line":33,"column":27}},"loc":{"start":{"line":33,"column":41},"end":{"line":54,"column":1}}},"2":{"name":"(anonymous_3)","decl":{"start":{"line":56,"column":24},"end":{"line":56,"column":29}},"loc":{"start":{"line":56,"column":43},"end":{"line":75,"column":1}}},"3":{"name":"(anonymous_4)","decl":{"start":{"line":77,"column":23},"end":{"line":77,"column":24}},"loc":{"start":{"line":77,"column":36},"end":{"line":81,"column":1}}},"4":{"name":"(anonymous_5)","decl":{"start":{"line":84,"column":21},"end":{"line":84,"column":26}},"loc":{"start":{"line":84,"column":41},"end":{"line":101,"column":1}}},"5":{"name":"(anonymous_6)","decl":{"start":{"line":112,"column":31},"end":{"line":112,"column":36}},"loc":{"start":{"line":112,"column":51},"end":{"line":114,"column":1}}},"6":{"name":"(anonymous_7)","decl":{"start":{"line":116,"column":30},"end":{"line":116,"column":35}},"loc":{"start":{"line":116,"column":49},"end":{"line":155,"column":1}}}},"branchMap":{"0":{"loc":{"start":{"line":18,"column":2},"end":{"line":18,"column":86}},"type":"if","locations":[{"start":{"line":18,"column":2},"end":{"line":18,"column":86}}]},"1":{"loc":{"start":{"line":20,"column":24},"end":{"line":20,"column":55}},"type":"binary-expr","locations":[{"start":{"line":20,"column":24},"end":{"line":20,"column":49}},{"start":{"line":20,"column":53},"end":{"line":20,"column":55}}]},"2":{"loc":{"start":{"line":24,"column":2},"end":{"line":24,"column":83}},"type":"if","locations":[{"start":{"line":24,"column":2},"end":{"line":24,"column":83}}]},"3":{"loc":{"start":{"line":35,"column":2},"end":{"line":35,"column":98}},"type":"if","locations":[{"start":{"line":35,"column":2},"end":{"line":35,"column":98}}]},"4":{"loc":{"start":{"line":36,"column":24},"end":{"line":36,"column":55}},"type":"binary-expr","locations":[{"start":{"line":36,"column":24},"end":{"line":36,"column":49}},{"start":{"line":36,"column":53},"end":{"line":36,"column":55}}]},"5":{"loc":{"start":{"line":39,"column":27},"end":{"line":39,"column":61}},"type":"binary-expr","locations":[{"start":{"line":39,"column":27},"end":{"line":39,"column":55}},{"start":{"line":39,"column":59},"end":{"line":39,"column":61}}]},"6":{"loc":{"start":{"line":41,"column":2},"end":{"line":41,"column":75}},"type":"if","locations":[{"start":{"line":41,"column":2},"end":{"line":41,"column":75}}]},"7":{"loc":{"start":{"line":43,"column":2},"end":{"line":43,"column":73}},"type":"if","locations":[{"start":{"line":43,"column":2},"end":{"line":43,"column":73}}]},"8":{"loc":{"start":{"line":58,"column":2},"end":{"line":58,"column":72}},"type":"if","locations":[{"start":{"line":58,"column":2},"end":{"line":58,"column":72}}]},"9":{"loc":{"start":{"line":62,"column":4},"end":{"line":62,"column":73}},"type":"if","locations":[{"start":{"line":62,"column":4},"end":{"line":62,"column":73}}]},"10":{"loc":{"start":{"line":118,"column":2},"end":{"line":119,"column":82}},"type":"if","locations":[{"start":{"line":118,"column":2},"end":{"line":119,"column":82}}]},"11":{"loc":{"start":{"line":123,"column":2},"end":{"line":142,"column":3}},"type":"if","locations":[{"start":{"line":123,"column":2},"end":{"line":142,"column":3}}]},"12":{"loc":{"start":{"line":130,"column":18},"end":{"line":130,"column":65}},"type":"binary-expr","locations":[{"start":{"line":130,"column":18},"end":{"line":130,"column":45}},{"start":{"line":130,"column":49},"end":{"line":130,"column":65}}]},"13":{"loc":{"start":{"line":131,"column":6},"end":{"line":134,"column":7}},"type":"if","locations":[{"start":{"line":131,"column":6},"end":{"line":134,"column":7}}]},"14":{"loc":{"start":{"line":136,"column":6},"end":{"line":139,"column":7}},"type":"if","locations":[{"start":{"line":136,"column":6},"end":{"line":139,"column":7}}]},"15":{"loc":{"start":{"line":145,"column":2},"end":{"line":145,"column":73}},"type":"if","locations":[{"start":{"line":145,"column":2},"end":{"line":145,"column":73}}]}},"s":{"0":1,"1":1,"2":1,"3":1,"4":1,"5":1,"6":1,"7":1,"8":1,"9":0,"10":0,"11":0,"12":0,"13":0,"14":0,"15":0,"16":0,"17":0,"18":0,"19":0,"20":0,"21":1,"22":1,"23":1,"24":1,"25":0,"26":1,"27":1,"28":1,"29":1,"30":1,"31":0,"32":0,"33":0,"34":0,"35":0,"36":0,"37":0,"38":0,"39":1,"40":0,"41":0,"42":0,"43":0,"44":0,"45":0,"46":0,"47":0,"48":0,"49":0,"50":0,"51":0,"52":0,"53":1,"54":0,"55":0,"56":0,"57":1,"58":0,"59":0,"60":0,"61":0,"62":1,"63":1,"64":1,"65":1,"66":0,"67":1,"68":0,"69":0,"70":0,"71":0,"72":0,"73":0,"74":0,"75":0,"76":0,"77":0,"78":0,"79":0,"80":0,"81":0,"82":0,"83":0,"84":0,"85":0,"86":0,"87":0,"88":0,"89":0,"90":0,"91":0,"92":0,"93":0,"94":0,"95":1},"f":{"0":0,"1":1,"2":0,"3":0,"4":0,"5":0,"6":0},"b":{"0":[0],"1":[0,0],"2":[0],"3":[0],"4":[1,0],"5":[1,0],"6":[1],"7":[0],"8":[0],"9":[0],"10":[0],"11":[0],"12":[0,0],"13":[0],"14":[0],"15":[0]}}
,"C:\\Users\\acer\\SpellWise\\server\\src\\routes\\demo.ts": {"path":"C:\\Users\\acer\\SpellWise\\server\\src\\routes\\demo.ts","statementMap":{"0":{"start":{"line":1,"column":0},"end":{"line":1,"column":33}},"1":{"start":{"line":2,"column":0},"end":{"line":2,"column":50}},"2":{"start":{"line":4,"column":15},"end":{"line":4,"column":23}},"3":{"start":{"line":7,"column":0},"end":{"line":20,"column":3}},"4":{"start":{"line":8,"column":15},"end":{"line":11,"column":42}},"5":{"start":{"line":12,"column":16},"end":{"line":18,"column":5}},"6":{"start":{"line":12,"column":33},"end":{"line":18,"column":4}},"7":{"start":{"line":19,"column":2},"end":{"line":19,"column":18}},"8":{"start":{"line":23,"column":0},"end":{"line":71,"column":3}},"9":{"start":{"line":24,"column":17},"end":{"line":24,"column":29}},"10":{"start":{"line":25,"column":16},"end":{"line":25,"column":20}},"11":{"start":{"line":26,"column":22},"end":{"line":26,"column":67}},"12":{"start":{"line":27,"column":18},"end":{"line":46,"column":4}},"13":{"start":{"line":49,"column":40},"end":{"line":49,"column":42}},"14":{"start":{"line":50,"column":2},"end":{"line":57,"column":5}},"15":{"start":{"line":51,"column":4},"end":{"line":56,"column":6}},"16":{"start":{"line":59,"column":2},"end":{"line":70,"column":5}},"17":{"start":{"line":73,"column":0},"end":{"line":73,"column":22}}},"fnMap":{"0":{"name":"(anonymous_0)","decl":{"start":{"line":7,"column":20},"end":{"line":7,"column":25}},"loc":{"start":{"line":7,"column":40},"end":{"line":20,"column":1}}},"1":{"name":"(anonymous_1)","decl":{"start":{"line":12,"column":25},"end":{"line":12,"column":26}},"loc":{"start":{"line":12,"column":33},"end":{"line":18,"column":4}}},"2":{"name":"(anonymous_2)","decl":{"start":{"line":23,"column":26},"end":{"line":23,"column":31}},"loc":{"start":{"line":23,"column":46},"end":{"line":71,"column":1}}},"3":{"name":"(anonymous_3)","decl":{"start":{"line":50,"column":22},"end":{"line":50,"column":23}},"loc":{"start":{"line":50,"column":33},"end":{"line":57,"column":3}}}},"branchMap":{"0":{"loc":{"start":{"line":16,"column":23},"end":{"line":16,"column":42}},"type":"binary-expr","locations":[{"start":{"line":16,"column":23},"end":{"line":16,"column":36}},{"start":{"line":16,"column":40},"end":{"line":16,"column":42}}]}},"s":{"0":1,"1":1,"2":1,"3":1,"4":0,"5":0,"6":0,"7":0,"8":1,"9":0,"10":0,"11":0,"12":0,"13":0,"14":0,"15":0,"16":0,"17":1},"f":{"0":0,"1":0,"2":0,"3":0},"b":{"0":[0,0]}}
,"C:\\Users\\acer\\SpellWise\\server\\src\\routes\\demoLogin.ts": {"path":"C:\\Users\\acer\\SpellWise\\server\\src\\routes\\demoLogin.ts","statementMap":{"0":{"start":{"line":1,"column":0},"end":{"line":1,"column":33}},"1":{"start":{"line":2,"column":0},"end":{"line":2,"column":47}},"2":{"start":{"line":4,"column":15},"end":{"line":4,"column":23}},"3":{"start":{"line":6,"column":0},"end":{"line":22,"column":3}},"4":{"start":{"line":7,"column":23},"end":{"line":13,"column":4}},"5":{"start":{"line":14,"column":22},"end":{"line":14,"column":52}},"6":{"start":{"line":15,"column":2},"end":{"line":21,"column":5}},"7":{"start":{"line":24,"column":0},"end":{"line":24,"column":22}}},"fnMap":{"0":{"name":"(anonymous_0)","decl":{"start":{"line":6,"column":27},"end":{"line":6,"column":32}},"loc":{"start":{"line":6,"column":47},"end":{"line":22,"column":1}}}},"branchMap":{},"s":{"0":1,"1":1,"2":1,"3":1,"4":0,"5":0,"6":0,"7":1},"f":{"0":0},"b":{}}
,"C:\\Users\\acer\\SpellWise\\server\\src\\routes\\experiments.ts": {"path":"C:\\Users\\acer\\SpellWise\\server\\src\\routes\\experiments.ts","statementMap":{"0":{"start":{"line":1,"column":0},"end":{"line":1,"column":33}},"1":{"start":{"line":2,"column":0},"end":{"line":2,"column":24}},"2":{"start":{"line":3,"column":0},"end":{"line":3,"column":77}},"3":{"start":{"line":4,"column":0},"end":{"line":4,"column":50}},"4":{"start":{"line":5,"column":0},"end":{"line":5,"column":40}},"5":{"start":{"line":6,"column":0},"end":{"line":6,"column":50}},"6":{"start":{"line":7,"column":0},"end":{"line":7,"column":44}},"7":{"start":{"line":8,"column":0},"end":{"line":8,"column":44}},"8":{"start":{"line":9,"column":0},"end":{"line":9,"column":null}},"9":{"start":{"line":17,"column":0},"end":{"line":17,"column":37}},"10":{"start":{"line":18,"column":0},"end":{"line":18,"column":55}},"11":{"start":{"line":19,"column":0},"end":{"line":19,"column":61}},"12":{"start":{"line":20,"column":0},"end":{"line":20,"column":69}},"13":{"start":{"line":21,"column":0},"end":{"line":21,"column":50}},"14":{"start":{"line":22,"column":28},"end":{"line":22,"column":82}},"15":{"start":{"line":23,"column":18},"end":{"line":23,"column":32}},"16":{"start":{"line":25,"column":16},"end":{"line":25,"column":44}},"17":{"start":{"line":26,"column":2},"end":{"line":26,"column":26}},"18":{"start":{"line":26,"column":14},"end":{"line":26,"column":26}},"19":{"start":{"line":27,"column":2},"end":{"line":30,"column":3}},"20":{"start":{"line":28,"column":4},"end":{"line":28,"column":36}},"21":{"start":{"line":29,"column":4},"end":{"line":29,"column":16}},"22":{"start":{"line":31,"column":2},"end":{"line":31,"column":21}},"23":{"start":{"line":34,"column":15},"end":{"line":34,"column":23}},"24":{"start":{"line":37,"column":16},"end":{"line":37,"column":50}},"25":{"start":{"line":38,"column":2},"end":{"line":38,"column":99}},"26":{"start":{"line":38,"column":41},"end":{"line":38,"column":88}},"27":{"start":{"line":42,"column":26},"end":{"line":42,"column":28}},"28":{"start":{"line":43,"column":13},"end":{"line":43,"column":30}},"29":{"start":{"line":45,"column":2},"end":{"line":45,"column":59}},"30":{"start":{"line":45,"column":35},"end":{"line":45,"column":59}},"31":{"start":{"line":46,"column":2},"end":{"line":46,"column":75}},"32":{"start":{"line":46,"column":46},"end":{"line":46,"column":75}},"33":{"start":{"line":47,"column":2},"end":{"line":47,"column":15}},"34":{"start":{"line":51,"column":31},"end":{"line":51,"column":33}},"35":{"start":{"line":52,"column":19},"end":{"line":52,"column":53}},"36":{"start":{"line":53,"column":2},"end":{"line":54,"column":92}},"37":{"start":{"line":54,"column":4},"end":{"line":54,"column":92}},"38":{"start":{"line":55,"column":24},"end":{"line":55,"column":80}},"39":{"start":{"line":55,"column":46},"end":{"line":55,"column":79}},"40":{"start":{"line":57,"column":2},"end":{"line":60,"column":3}},"41":{"start":{"line":58,"column":14},"end":{"line":58,"column":57}},"42":{"start":{"line":58,"column":37},"end":{"line":58,"column":49}},"43":{"start":{"line":59,"column":4},"end":{"line":59,"column":88}},"44":{"start":{"line":59,"column":17},"end":{"line":59,"column":88}},"45":{"start":{"line":62,"column":42},"end":{"line":62,"column":44}},"46":{"start":{"line":63,"column":2},"end":{"line":71,"column":3}},"47":{"start":{"line":64,"column":4},"end":{"line":65,"column":53}},"48":{"start":{"line":65,"column":6},"end":{"line":65,"column":53}},"49":{"start":{"line":66,"column":19},"end":{"line":66,"column":55}},"50":{"start":{"line":67,"column":4},"end":{"line":68,"column":52}},"51":{"start":{"line":68,"column":6},"end":{"line":68,"column":52}},"52":{"start":{"line":69,"column":16},"end":{"line":69,"column":56}},"53":{"start":{"line":70,"column":4},"end":{"line":70,"column":37}},"54":{"start":{"line":72,"column":2},"end":{"line":76,"column":3}},"55":{"start":{"line":73,"column":19},"end":{"line":73,"column":43}},"56":{"start":{"line":74,"column":4},"end":{"line":74,"column":96}},"57":{"start":{"line":74,"column":38},"end":{"line":74,"column":96}},"58":{"start":{"line":75,"column":4},"end":{"line":75,"column":90}},"59":{"start":{"line":75,"column":27},"end":{"line":75,"column":90}},"60":{"start":{"line":77,"column":2},"end":{"line":77,"column":53}},"61":{"start":{"line":91,"column":0},"end":{"line":115,"column":3}},"62":{"start":{"line":92,"column":17},"end":{"line":97,"column":4}},"63":{"start":{"line":98,"column":17},"end":{"line":98,"column":43}},"64":{"start":{"line":99,"column":2},"end":{"line":99,"column":86}},"65":{"start":{"line":99,"column":23},"end":{"line":99,"column":86}},"66":{"start":{"line":100,"column":39},"end":{"line":100,"column":57}},"67":{"start":{"line":101,"column":16},"end":{"line":101,"column":48}},"68":{"start":{"line":102,"column":15},"end":{"line":102,"column":25}},"69":{"start":{"line":103,"column":14},"end":{"line":113,"column":4}},"70":{"start":{"line":114,"column":2},"end":{"line":114,"column":68}},"71":{"start":{"line":117,"column":0},"end":{"line":121,"column":3}},"72":{"start":{"line":118,"column":14},"end":{"line":118,"column":54}},"73":{"start":{"line":119,"column":2},"end":{"line":119,"column":64}},"74":{"start":{"line":119,"column":12},"end":{"line":119,"column":64}},"75":{"start":{"line":120,"column":2},"end":{"line":120,"column":47}},"76":{"start":{"line":123,"column":0},"end":{"line":141,"column":2}},"77":{"start":{"line":129,"column":19},"end":{"line":129,"column":80}},"78":{"start":{"line":130,"column":19},"end":{"line":130,"column":45}},"79":{"start":{"line":131,"column":4},"end":{"line":131,"column":88}},"80":{"start":{"line":131,"column":25},"end":{"line":131,"column":88}},"81":{"start":{"line":132,"column":19},"end":{"line":132,"column":55}},"82":{"start":{"line":133,"column":16},"end":{"line":136,"column":null}},"83":{"start":{"line":138,"column":4},"end":{"line":138,"column":66}},"84":{"start":{"line":138,"column":14},"end":{"line":138,"column":66}},"85":{"start":{"line":139,"column":4},"end":{"line":139,"column":27}},"86":{"start":{"line":143,"column":0},"end":{"line":185,"column":3}},"87":{"start":{"line":149,"column":17},"end":{"line":152,"column":4}},"88":{"start":{"line":153,"column":17},"end":{"line":153,"column":43}},"89":{"start":{"line":154,"column":2},"end":{"line":154,"column":86}},"90":{"start":{"line":154,"column":23},"end":{"line":154,"column":86}},"91":{"start":{"line":155,"column":14},"end":{"line":155,"column":54}},"92":{"start":{"line":156,"column":2},"end":{"line":156,"column":64}},"93":{"start":{"line":156,"column":12},"end":{"line":156,"column":64}},"94":{"start":{"line":157,"column":19},"end":{"line":157,"column":87}},"95":{"start":{"line":157,"column":54},"end":{"line":157,"column":70}},"96":{"start":{"line":158,"column":23},"end":{"line":158,"column":52}},"97":{"start":{"line":159,"column":2},"end":{"line":163,"column":3}},"98":{"start":{"line":160,"column":4},"end":{"line":162,"column":73}},"99":{"start":{"line":165,"column":19},"end":{"line":165,"column":36}},"100":{"start":{"line":166,"column":18},"end":{"line":169,"column":4}},"101":{"start":{"line":170,"column":21},"end":{"line":170,"column":64}},"102":{"start":{"line":171,"column":19},"end":{"line":171,"column":99}},"103":{"start":{"line":171,"column":46},"end":{"line":171,"column":98}},"104":{"start":{"line":172,"column":2},"end":{"line":176,"column":3}},"105":{"start":{"line":173,"column":4},"end":{"line":175,"column":7}},"106":{"start":{"line":177,"column":2},"end":{"line":180,"column":4}},"107":{"start":{"line":181,"column":2},"end":{"line":181,"column":24}},"108":{"start":{"line":182,"column":2},"end":{"line":182,"column":19}},"109":{"start":{"line":183,"column":2},"end":{"line":183,"column":107}},"110":{"start":{"line":184,"column":2},"end":{"line":184,"column":78}},"111":{"start":{"line":187,"column":0},"end":{"line":237,"column":3}},"112":{"start":{"line":188,"column":14},"end":{"line":188,"column":54}},"113":{"start":{"line":189,"column":2},"end":{"line":189,"column":64}},"114":{"start":{"line":189,"column":12},"end":{"line":189,"column":64}},"115":{"start":{"line":190,"column":13},"end":{"line":190,"column":24}},"116":{"start":{"line":191,"column":2},"end":{"line":217,"column":3}},"117":{"start":{"line":192,"column":18},"end":{"line":215,"column":43}},"118":{"start":{"line":215,"column":19},"end":{"line":215,"column":41}},"119":{"start":{"line":216,"column":4},"end":{"line":216,"column":70}},"120":{"start":{"line":216,"column":52},"end":{"line":216,"column":58}},"121":{"start":{"line":218,"column":2},"end":{"line":235,"column":12}},"122":{"start":{"line":219,"column":14},"end":{"line":230,"column":6}},"123":{"start":{"line":231,"column":17},"end":{"line":231,"column":57}},"124":{"start":{"line":232,"column":17},"end":{"line":232,"column":33}},"125":{"start":{"line":233,"column":18},"end":{"line":233,"column":75}},"126":{"start":{"line":234,"column":4},"end":{"line":234,"column":75}},"127":{"start":{"line":234,"column":57},"end":{"line":234,"column":63}},"128":{"start":{"line":236,"column":2},"end":{"line":236,"column":50}},"129":{"start":{"line":249,"column":0},"end":{"line":325,"column":3}},"130":{"start":{"line":250,"colum
[...]
d":{"line":39,"column":9}},"loc":{"start":{"line":39,"column":15},"end":{"line":39,"column":91}}},"4":{"name":"(anonymous_4)","decl":{"start":{"line":50,"column":20},"end":{"line":50,"column":21}},"loc":{"start":{"line":50,"column":27},"end":{"line":50,"column":50}}},"5":{"name":"buildPhaseSchedule","decl":{"start":{"line":74,"column":16},"end":{"line":74,"column":34}},"loc":{"start":{"line":77,"column":24},"end":{"line":90,"column":1}}},"6":{"name":"(anonymous_6)","decl":{"start":{"line":80,"column":25},"end":{"line":80,"column":26}},"loc":{"start":{"line":80,"column":31},"end":{"line":84,"column":3}}}},"branchMap":{"0":{"loc":{"start":{"line":33,"column":22},"end":{"line":33,"column":94}},"type":"binary-expr","locations":[{"start":{"line":33,"column":22},"end":{"line":33,"column":57}},{"start":{"line":33,"column":61},"end":{"line":33,"column":94}}]},"1":{"loc":{"start":{"line":36,"column":4},"end":{"line":43,"column":5}},"type":"if","locations":[{"start":{"line":36,"column":4},"end":{"line":43,"column":5}}]},"2":{"loc":{"start":{"line":37,"column":6},"end":{"line":39,"column":null}},"type":"binary-expr","locations":[{"start":{"line":37,"column":6},"end":{"line":37,"column":24}},{"start":{"line":38,"column":6},"end":{"line":39,"column":null}}]},"3":{"loc":{"start":{"line":39,"column":15},"end":{"line":39,"column":91}},"type":"binary-expr","locations":[{"start":{"line":39,"column":15},"end":{"line":39,"column":52}},{"start":{"line":39,"column":56},"end":{"line":39,"column":91}}]},"4":{"loc":{"start":{"line":44,"column":4},"end":{"line":44,"column":33}},"type":"if","locations":[{"start":{"line":44,"column":4},"end":{"line":44,"column":33}}]},"5":{"loc":{"start":{"line":48,"column":9},"end":{"line":48,"column":52}},"type":"binary-expr","locations":[{"start":{"line":48,"column":9},"end":{"line":48,"column":25}},{"start":{"line":48,"column":29},"end":{"line":48,"column":52}}]},"6":{"loc":{"start":{"line":50,"column":4},"end":{"line":52,"column":5}},"type":"if","locations":[{"start":{"line":50,"column":4},"end":{"line":52,"column":5}}]},"7":{"loc":{"start":{"line":81,"column":16},"end":{"line":81,"column":40}},"type":"binary-expr","locations":[{"start":{"line":81,"column":16},"end":{"line":81,"column":34}},{"start":{"line":81,"column":38},"end":{"line":81,"column":40}}]},"8":{"loc":{"start":{"line":87,"column":38},"end":{"line":87,"column":57}},"type":"binary-expr","locations":[{"start":{"line":87,"column":38},"end":{"line":87,"column":51}},{"start":{"line":87,"column":55},"end":{"line":87,"column":57}}]}},"s":{"0":0,"1":0,"2":0,"3":0,"4":0,"5":0,"6":0,"7":0,"8":0,"9":0,"10":0,"11":0,"12":0,"13":0,"14":0,"15":0,"16":0,"17":0,"18":0,"19":0,"20":0,"21":0,"22":0,"23":0,"24":0,"25":0,"26":0,"27":0,"28":0,"29":0,"30":0,"31":0,"32":0,"33":0,"34":0,"35":0,"36":0},"f":{"0":0,"1":0,"2":0,"3":0,"4":0,"5":0,"6":0},"b":{"0":[0,0],"1":[0],"2":[0,0],"3":[0,0],"4":[0],"5":[0,0],"6":[0],"7":[0,0],"8":[0,0]}}
,"C:\\Users\\acer\\SpellWise\\server\\src\\utils\\sanitize.ts": {"path":"C:\\Users\\acer\\SpellWise\\server\\src\\utils\\sanitize.ts","statementMap":{"0":{"start":{"line":1,"column":0},"end":{"line":1,"column":16}},"1":{"start":{"line":10,"column":0},"end":{"line":10,"column":16}},"2":{"start":{"line":14,"column":0},"end":{"line":14,"column":16}},"3":{"start":{"line":2,"column":2},"end":{"line":7,"column":21}},"4":{"start":{"line":11,"column":2},"end":{"line":11,"column":43}},"5":{"start":{"line":15,"column":2},"end":{"line":18,"column":18}},"6":{"start":{"line":16,"column":16},"end":{"line":16,"column":44}},"7":{"start":{"line":17,"column":19},"end":{"line":17,"column":60}}},"fnMap":{"0":{"name":"sanitizeText","decl":{"start":{"line":1,"column":16},"end":{"line":1,"column":28}},"loc":{"start":{"line":1,"column":41},"end":{"line":8,"column":1}}},"1":{"name":"sanitizeTitle","decl":{"start":{"line":10,"column":16},"end":{"line":10,"column":29}},"loc":{"start":{"line":10,"column":43},"end":{"line":12,"column":1}}},"2":{"name":"sanitizeWordList","decl":{"start":{"line":14,"column":16},"end":{"line":14,"column":32}},"loc":{"start":{"line":14,"column":48},"end":{"line":19,"column":1}}},"3":{"name":"(anonymous_3)","decl":{"start":{"line":16,"column":9},"end":{"line":16,"column":10}},"loc":{"start":{"line":16,"column":16},"end":{"line":16,"column":44}}},"4":{"name":"(anonymous_4)","decl":{"start":{"line":17,"column":12},"end":{"line":17,"column":13}},"loc":{"start":{"line":17,"column":19},"end":{"line":17,"column":60}}}},"branchMap":{"0":{"loc":{"start":{"line":2,"column":16},"end":{"line":2,"column":26}},"type":"binary-expr","locations":[{"start":{"line":2,"column":16},"end":{"line":2,"column":20}},{"start":{"line":2,"column":24},"end":{"line":2,"column":26}}]},"1":{"loc":{"start":{"line":15,"column":10},"end":{"line":15,"column":21}},"type":"binary-expr","locations":[{"start":{"line":15,"column":10},"end":{"line":15,"column":15}},{"start":{"line":15,"column":19},"end":{"line":15,"column":21}}]},"2":{"loc":{"start":{"line":17,"column":19},"end":{"line":17,"column":60}},"type":"binary-expr","locations":[{"start":{"line":17,"column":19},"end":{"line":17,"column":31}},{"start":{"line":17,"column":35},"end":{"line":17,"column":60}}]}},"s":{"0":1,"1":1,"2":1,"3":0,"4":0,"5":0,"6":0,"7":0},"f":{"0":0,"1":0,"2":0,"3":0,"4":0},"b":{"0":[0,0],"1":[0,0],"2":[0,0]}}
,"C:\\Users\\acer\\SpellWise\\server\\src\\utils\\storyQuality.ts": {"path":"C:\\Users\\acer\\SpellWise\\server\\src\\utils\\storyQuality.ts","statementMap":{"0":{"start":{"line":26,"column":0},"end":{"line":26,"column":16}},"1":{"start":{"line":10,"column":2},"end":{"line":10,"column":86}},"2":{"start":{"line":10,"column":41},"end":{"line":10,"column":81}},"3":{"start":{"line":14,"column":15},"end":{"line":14,"column":49}},"4":{"start":{"line":15,"column":16},"end":{"line":15,"column":44}},"5":{"start":{"line":16,"column":2},"end":{"line":16,"column":29}},"6":{"start":{"line":20,"column":15},"end":{"line":20,"column":35}},"7":{"start":{"line":21,"column":16},"end":{"line":21,"column":44}},"8":{"start":{"line":22,"column":2},"end":{"line":22,"column":30}},"9":{"start":{"line":22,"column":21},"end":{"line":22,"column":30}},"10":{"start":{"line":23,"column":2},"end":{"line":23,"column":68}},"11":{"start":{"line":23,"column":34},"end":{"line":23,"column":48}},"12":{"start":{"line":31,"column":27},"end":{"line":31,"column":29}},"13":{"start":{"line":33,"column":20},"end":{"line":33,"column":45}},"14":{"start":{"line":34,"column":20},"end":{"line":34,"column":73}},"15":{"start":{"line":35,"column":28},"end":{"line":35,"column":62}},"16":{"start":{"line":36,"column":21},"end":{"line":36,"column":50}},"17":{"start":{"line":38,"column":20},"end":{"line":38,"column":23}},"18":{"start":{"line":39,"column":2},"end":{"line":42,"column":3}},"19":{"start":{"line":40,"column":4},"end":{"line":40,"column":22}},"20":{"start":{"line":41,"column":4},"end":{"line":41,"column":55}},"21":{"start":{"line":43,"column":2},"end":{"line":46,"column":3}},"22":{"start":{"line":44,"column":4},"end":{"line":44,"column":22}},"23":{"start":{"line":45,"column":4},"end":{"line":45,"column":54}},"24":{"start":{"line":48,"column":17},"end":{"line":48,"column":40}},"25":{"start":{"line":49,"column":20},"end":{"line":49,"column":67}},"26":{"start":{"line":51,"column":20},"end":{"line":51,"column":45}},"27":{"start":{"line":52,"column":2},"end":{"line":52,"column":86}},"28":{"start":{"line":52,"column":29},"end":{"line":52,"column":84}},"29":{"start":{"line":54,"column":21},"end":{"line":54,"column":24}},"30":{"start":{"line":55,"column":2},"end":{"line":61,"column":5}},"31":{"start":{"line":56,"column":18},"end":{"line":56,"column":39}},"32":{"start":{"line":57,"column":4},"end":{"line":60,"column":5}},"33":{"start":{"line":58,"column":6},"end":{"line":58,"column":25}},"34":{"start":{"line":59,"column":6},"end":{"line":59,"column":69}},"35":{"start":{"line":63,"column":16},"end":{"line":63,"column":84}},"36":{"start":{"line":65,"column":2},"end":{"line":71,"column":4}}},"fnMap":{"0":{"name":"sentenceCount","decl":{"start":{"line":9,"column":9},"end":{"line":9,"column":22}},"loc":{"start":{"line":9,"column":43},"end":{"line":11,"column":1}}},"1":{"name":"(anonymous_1)","decl":{"start":{"line":10,"column":27},"end":{"line":10,"column":28}},"loc":{"start":{"line":10,"column":41},"end":{"line":10,"column":81}}},"2":{"name":"uniqueWords","decl":{"start":{"line":13,"column":9},"end":{"line":13,"column":20}},"loc":{"start":{"line":13,"column":41},"end":{"line":17,"column":1}}},"3":{"name":"averageWordLength","decl":{"start":{"line":19,"column":9},"end":{"line":19,"column":26}},"loc":{"start":{"line":19,"column":47},"end":{"line":24,"column":1}}},"4":{"name":"(anonymous_4)","decl":{"start":{"line":23,"column":22},"end":{"line":23,"column":23}},"loc":{"start":{"line":23,"column":34},"end":{"line":23,"column":48}}},"5":{"name":"analyzeStoryQuality","decl":{"start":{"line":26,"column":16},"end":{"line":26,"column":35}},"loc":{"start":{"line":29,"column":23},"end":{"line":72,"column":1}}},"6":{"name":"(anonymous_6)","decl":{"start":{"line":52,"column":22},"end":{"line":52,"column":23}},"loc":{"start":{"line":52,"column":29},"end":{"line":52,"column":84}}},"7":{"name":"(anonymous_7)","decl":{"start":{"line":55,"column":22},"end":{"line":55,"column":23}},"loc":{"start":{"line":55,"column":28},"end":{"line":61,"column":3}}}},"branchMap":{"0":{"loc":{"start":{"line":10,"column":50},"end":{"line":10,"column":73}},"type":"binary-expr","locations":[{"start":{"line":10,"column":50},"end":{"line":10,"column":67}},{"start":{"line":10,"column":71},"end":{"line":10,"column":73}}]},"1":{"loc":{"start":{"line":15,"column":16},"end":{"line":15,"column":44}},"type":"binary-expr","locations":[{"start":{"line":15,"column":16},"end":{"line":15,"column":38}},{"start":{"line":15,"column":42},"end":{"line":15,"column":44}}]},"2":{"loc":{"start":{"line":21,"column":16},"end":{"line":21,"column":44}},"type":"binary-expr","locations":[{"start":{"line":21,"column":16},"end":{"line":21,"column":38}},{"start":{"line":21,"column":42},"end":{"line":21,"column":44}}]},"3":{"loc":{"start":{"line":22,"column":2},"end":{"line":22,"column":30}},"type":"if","locations":[{"start":{"line":22,"column":2},"end":{"line":22,"column":30}}]},"4":{"loc":{"start":{"line":39,"column":2},"end":{"line":42,"column":3}},"type":"if","locations":[{"start":{"line":39,"column":2},"end":{"line":42,"column":3}}]},"5":{"loc":{"start":{"line":43,"column":2},"end":{"line":46,"column":3}},"type":"if","locations":[{"start":{"line":43,"column":2},"end":{"line":46,"column":3}}]},"6":{"loc":{"start":{"line":52,"column":52},"end":{"line":52,"column":78}},"type":"binary-expr","locations":[{"start":{"line":52,"column":52},"end":{"line":52,"column":73}},{"start":{"line":52,"column":77},"end":{"line":52,"column":78}}]},"7":{"loc":{"start":{"line":56,"column":18},"end":{"line":56,"column":39}},"type":"binary-expr","locations":[{"start":{"line":56,"column":18},"end":{"line":56,"column":34}},{"start":{"line":56,"column":38},"end":{"line":56,"column":39}}]},"8":{"loc":{"start":{"line":57,"column":4},"end":{"line":60,"column":5}},"type":"if","locations":[{"start":{"line":57,"column":4},"end":{"line":60,"column":5}}]}},"s":{"0":0,"1":0,"2":0,"3":0,"4":0,"5":0,"6":0,"7":0,"8":0,"9":0,"10":0,"11":0,"12":0,"13":0,"14":0,"15":0,"16":0,"17":0,"18":0,"19":0,"20":0,"21":0,"22":0,"23":0,"24":0,"25":0,"26":0,"27":0,"28":0,"29":0,"30":0,"31":0,"32":0,"33":0,"34":0,"35":0,"36":0},"f":{"0":0,"1":0,"2":0,"3":0,"4":0,"5":0,"6":0,"7":0},"b":{"0":[0,0],"1":[0,0],"2":[0,0],"3":[0],"4":[0],"5":[0],"6":[0,0],"7":[0,0],"8":[0]}}
,"C:\\Users\\acer\\SpellWise\\server\\src\\utils\\storyValidator.ts": {"path":"C:\\Users\\acer\\SpellWise\\server\\src\\utils\\storyValidator.ts","statementMap":{"0":{"start":{"line":26,"column":0},"end":{"line":26,"column":16}},"1":{"start":{"line":23,"column":2},"end":{"line":23,"column":51}},"2":{"start":{"line":23,"column":27},"end":{"line":23,"column":42}},"3":{"start":{"line":27,"column":22},"end":{"line":27,"column":24}},"4":{"start":{"line":28,"column":12},"end":{"line":28,"column":26}},"5":{"start":{"line":29,"column":12},"end":{"line":29,"column":26}},"6":{"start":{"line":32,"column":2},"end":{"line":33,"column":48}},"7":{"start":{"line":33,"column":4},"end":{"line":33,"column":48}},"8":{"start":{"line":34,"column":2},"end":{"line":35,"column":55}},"9":{"start":{"line":35,"column":4},"end":{"line":35,"column":55}},"10":{"start":{"line":36,"column":16},"end":{"line":36,"column":42}},"11":{"start":{"line":37,"column":16},"end":{"line":37,"column":42}},"12":{"start":{"line":40,"column":21},"end":{"line":87,"column":3}},"13":{"start":{"line":42,"column":4},"end":{"line":45,"column":5}},"14":{"start":{"line":43,"column":16},"end":{"line":43,"column":33}},"15":{"start":{"line":44,"column":6},"end":{"line":44,"column":96}},"16":{"start":{"line":44,"column":19},"end":{"line":44,"column":96}},"17":{"start":{"line":47,"column":49},"end":{"line":47,"column":51}},"18":{"start":{"line":48,"column":4},"end":{"line":50,"column":7}},"19":{"start":{"line":49,"column":6},"end":{"line":49,"column":38}},"20":{"start":{"line":51,"column":4},"end":{"line":69,"column":5}},"21":{"start":{"line":52,"column":6},"end":{"line":68,"column":7}},"22":{"start":{"line":52,"column":19},"end":{"line":52,"column":20}},"23":{"start":{"line":53,"column":8},"end":{"line":67,"column":9}},"24":{"start":{"line":53,"column":21},"end":{"line":53,"column":26}},"25":{"start":{"line":54,"column":20},"end":{"line":54,"column":27}},"26":{"start":{"line":55,"column":16},"end":{"line":55,"column":23}},"27":{"start":{"line":56,"column":10},"end":{"line":59,"column":14}},"28":{"start":{"line":57,"column":12},"end":{"line":59,"column":14}},"29":{"start":{"line":60,"column":10},"end":{"line":66,"column":14}},"30":{"start":{"line":64,"column":12},"end":{"line":66,"column":14}},"31":{"start":{"line":71,"column":4},"end":{"line":75,"column":5}},"32":{"start":{"line":72,"column":22},"end":{"line":72,"column":64}},"33":{"start":{"line":72,"column":46},"end":{"line":72,"column":62}},"34":{"start":{"line":73,"column":6},"end":{"line":74,"column":90}},"35":{"start":{"line":74,"column":8},"end":{"line":74,"column":90}},"36":{"start":{"line":77,"column":44},"end":{"line":77,"column":46}},"37":{"start":{"line":78,"column":4},"end":{"line":81,"column":7}},"38":{"start":{"line":79,"column":18},"end":{"line":79,"column":58}},"39":{"start":{"line":80,"column":6},"end":{"line":80,"column":39}},"40":{"start":{"line":82,"column":4},"end":{"line":86,"column":5}},"41":{"start":{"line":83,"column":21},"end":{"line":83,"column":47}},"42":{"start":{"line":84,"column":6},"end":{"line":85,"column":100}},"43":{"start":{"line":85,"column":8},"end":{"line":85,"column":100}},"44":{"start":{"line":89,"column":2},"end":{"line":89,"column":24}},"45":{"start":{"line":90,"column":2},"end":{"line":90,"column":24}},"46":{"start":{"line":93,"column":18},"end":{"line":93,"column":43}},"47":{"start":{"line":94,"column":2},"end":{"line":94,"column":93}},"48":{"start":{"line":94,"column":24},"end":{"line":94,"column":93}},"49":{"start":{"line":95,"column":2},"end":{"line":101,"column":3}},"50":{"start":{"line":96,"column":16},"end":{"line":96,"column":66}},"51":{"start":{"line":97,"column":4},"end":{"line":100,"column":8}},"52":{"start":{"line":98,"column":6},"end":{"line":100,"column":8}},"53":{"start":{"line":103,"column":2},"end":{"line":103,"column":47}}},"fnMap":{"0":{"name":"countWord","decl":{"start":{"line":22,"column":9},"end":{"line":22,"column":18}},"loc":{"start":{"line":22,"column":50},"end":{"line":24,"column":1}}},"1":{"name":"(anonymous_1)","decl":{"start":{"line":23,"column":20},"end":{"line":23,"column":21}},"loc":{"start":{"line":23,"column":27},"end":{"line":23,"column":42}}},"2":{"name":"validateStories","decl":{"start":{"line":26,"column":16},"end":{"line":26,"column":31}},"loc":{"start":{"line":26,"column":78},"end":{"line":104,"column":1}}},"3":{"name":"(anonymous_3)","decl":{"start":{"line":40,"column":21},"end":{"line":40,"column":22}},"loc":{"start":{"line":40,"column":60},"end":{"line":87,"column":3}}},"4":{"name":"(anonymous_4)","decl":{"start":{"line":48,"column":16},"end":{"line":48,"column":17}},"loc":{"start":{"line":48,"column":22},"end":{"line":50,"column":5}}},"5":{"name":"(anonymous_5)","decl":{"start":{"line":72,"column":39},"end":{"line":72,"column":40}},"loc":{"start":{"line":72,"column":46},"end":{"line":72,"column":62}}},"6":{"name":"(anonymous_6)","decl":{"start":{"line":78,"column":16},"end":{"line":78,"column":17}},"loc":{"start":{"line":78,"column":22},"end":{"line":81,"column":5}}}},"branchMap":{"0":{"loc":{"start":{"line":32,"column":2},"end":{"line":33,"column":48}},"type":"if","locations":[{"start":{"line":32,"column":2},"end":{"line":33,"column":48}}]},"1":{"loc":{"start":{"line":32,"column":6},"end":{"line":32,"column":68}},"type":"binary-expr","locations":[{"start":{"line":32,"column":6},"end":{"line":32,"column":35}},{"start":{"line":32,"column":39},"end":{"line":32,"column":68}}]},"2":{"loc":{"start":{"line":34,"column":2},"end":{"line":35,"column":55}},"type":"if","locations":[{"start":{"line":34,"column":2},"end":{"line":35,"column":55}}]},"3":{"loc":{"start":{"line":34,"column":6},"end":{"line":34,"column":82}},"type":"binary-expr","locations":[{"start":{"line":34,"column":6},"end":{"line":34,"column":42}},{"start":{"line":34,"column":46},"end":{"line":34,"column":82}}]},"4":{"loc":{"start":{"line":36,"column":16},"end":{"line":36,"column":42}},"type":"binary-expr","locations":[{"start":{"line":36,"column":16},"end":{"line":36,"column":36}},{"start":{"line":36,"column":40},"end":{"line":36,"column":42}}]},"5":{"loc":{"start":{"line":37,"column":16},"end":{"line":37,"column":42}},"type":"binary-expr","locations":[{"start":{"line":37,"column":16},"end":{"line":37,"column":36}},{"start":{"line":37,"column":40},"end":{"line":37,"column":42}}]},"6":{"loc":{"start":{"line":44,"column":6},"end":{"line":44,"column":96}},"type":"if","locations":[{"start":{"line":44,"column":6},"end":{"line":44,"column":96}}]},"7":{"loc":{"start":{"line":56,"column":10},"end":{"line":59,"column":14}},"type":"if","locations":[{"start":{"line":56,"column":10},"end":{"line":59,"column":14}}]},"8":{"loc":{"start":{"line":56,"column":14},"end":{"line":56,"column":90}},"type":"binary-expr","locations":[{"start":{"line":56,"column":14},"end":{"line":56,"column":51}},{"start":{"line":56,"column":55},"end":{"line":56,"column":90}}]},"9":{"loc":{"start":{"line":60,"column":10},"end":{"line":66,"column":14}},"type":"if","locations":[{"start":{"line":60,"column":10},"end":{"line":66,"column":14}}]},"10":{"loc":{"start":{"line":61,"column":12},"end":{"line":62,"column":61}},"type":"binary-expr","locations":[{"start":{"line":61,"column":12},"end":{"line":61,"column":49}},{"start":{"line":62,"column":12},"end":{"line":62,"column":61}}]},"11":{"loc":{"start":{"line":73,"column":6},"end":{"line":74,"column":90}},"type":"if","locations":[{"start":{"line":73,"column":6},"end":{"line":74,"column":90}}]},"12":{"loc":{"start":{"line":84,"column":6},"end":{"line":85,"column":100}},"type":"if","locations":[{"start":{"line":84,"column":6},"end":{"line":85,"column":100}}]},"13":{"loc":{"start":{"line":97,"column":4},"end":{"line":100,"column":8}},"type":"if","locations":[{"start":{"line":97,"column":4},"end":{"line":100,"column":8}}]}},"s":{"0":0,"1":0,"2":0,"3":0,"4":0,"5":0,"6":0,"7":0,"8":0,"9":0,"10":0,"11":0,"12":0,"13":0,"14":0,"15":0,"16":0,"17":0,"18":0,"19":0,"20":0,"21":0,"22":0,"23":0,"24":0,"25":0,"26":0,"27":0,"28":0,"29":0,"30":0,"31":0,"32":0,"33":0,"34":0,"35":0,"36":0,"37":0,"38":0,"39":0,"40":0,"41":0,"42":0,"43":0,"44":0,"45":0,"46":0,"47":0,"48":0,"49":0,"50":0,"51":0,"52":0,"53":0},"f":{"0":0,"1":0,"2":0,"3":0,"4":0,"5":0,"6":0},"b":{"0":[0],"1":[0,0],"2":[0],"3":[0,0],"4":[0,0],"5":[0,0],"6":[0],"7":[0],"8":[0,0],"9":[0],"10":[0,0],"11":[0],"12":[0],"13":[0]}}
}
