TN:
SF:src\config.ts
FNF:0
FNH:0
DA:1,1
DA:2,1
DA:4,1
LF:3
LH:3
BRDA:5,0,0,1
BRDA:5,0,1,0
BRDA:6,1,0,1
BRDA:6,1,1,0
BRDA:7,2,0,1
BRDA:7,2,1,0
BRDA:8,3,0,1
BRDA:8,3,1,0
BRDA:12,4,0,1
BRDA:12,4,1,0
BRDA:13,5,0,1
BRDA:13,5,1,0
BRDA:14,6,0,1
BRDA:14,6,1,0
BRDA:17,7,0,1
BRDA:17,7,1,0
BRDA:18,8,0,1
BRDA:18,8,1,0
BRDA:19,9,0,1
BRDA:19,9,1,0
BRDA:20,10,0,1
BRDA:20,10,1,0
BRDA:23,11,0,1
BRDA:23,11,1,0
BRDA:24,12,0,1
BRDA:24,12,1,1
BRDA:25,13,0,1
BRDA:25,13,1,1
BRDA:26,14,0,1
BRDA:26,14,1,0
BRF:30
BRH:17
end_of_record
TN:
SF:src\db.ts
FN:5,connectDB
FN:25,(anonymous_2)
FN:29,(anonymous_3)
FN:33,(anonymous_4)
FN:50,(anonymous_5)
FNF:5
FNH:1
FNDA:1,connectDB
FNDA:0,(anonymous_2)
FNDA:0,(anonymous_3)
FNDA:0,(anonymous_4)
FNDA:0,(anonymous_5)
DA:1,1
DA:2,1
DA:3,1
DA:5,1
DA:6,1
DA:8,1
DA:9,1
DA:10,1
DA:11,0
DA:12,0
DA:15,1
DA:20,1
DA:25,1
DA:26,0
DA:29,1
DA:30,0
DA:33,1
DA:34,0
DA:37,1
DA:39,0
DA:40,0
DA:45,0
DA:46,0
DA:47,0
DA:50,0
LF:25
LH:14
BRDA:5,0,0,1
BRDA:5,1,0,1
BRDA:10,2,0,0
BRDA:42,3,0,0
BRDA:42,3,1,0
BRDA:45,4,0,0
BRF:6
BRH:2
end_of_record
TN:
SF:src\prompts.ts
FN:3,wordPoolSystem
FN:23,wordPoolUser
FN:27,storySystem
FN:33,storySystemBold
FN:68,storyUserBold
FN:83,storyUser
FN:87,hintSystem
FN:97,hintUser
FNF:8
FNH:0
FNDA:0,wordPoolSystem
FNDA:0,wordPoolUser
FNDA:0,storySystem
FNDA:0,storySystemBold
FNDA:0,storyUserBold
FNDA:0,storyUser
FNDA:0,hintSystem
FNDA:0,hintUser
DA:3,1
DA:4,0
DA:23,1
DA:24,0
DA:27,1
DA:28,0
DA:33,1
DA:34,0
DA:68,1
DA:74,0
DA:83,1
DA:84,0
DA:87,1
DA:88,0
DA:97,1
DA:98,0
LF:16
LH:8
BRDA:33,0,0,0
BRDA:71,1,0,0
BRDA:72,2,0,0
BRF:3
BRH:0
end_of_record
TN:
SF:src\queue.ts
FN:22,genId
FN:26,enqueue
FN:40,getJob
FN:41,(anonymous_4)
FN:43,getJobsForExperiment
FN:44,(anonymous_6)
FN:47,cleanupJobs
FN:57,(anonymous_8)
FN:59,(anonymous_9)
FN:69,runWithRetry
FN:87,(anonymous_11)
FN:94,runJob
FN:101,(anonymous_13)
FN:114,(anonymous_14)
FN:126,(anonymous_15)
FN:148,workerLoop
FN:153,(anonymous_17)
FN:165,tick
FN:169,(anonymous_19)
FNF:19
FNH:0
FNDA:0,genId
FNDA:0,enqueue
FNDA:0,getJob
FNDA:0,(anonymous_4)
FNDA:0,getJobsForExperiment
FNDA:0,(anonymous_6)
FNDA:0,cleanupJobs
FNDA:0,(anonymous_8)
FNDA:0,(anonymous_9)
FNDA:0,runWithRetry
FNDA:0,(anonymous_11)
FNDA:0,runJob
FNDA:0,(anonymous_13)
FNDA:0,(anonymous_14)
FNDA:0,(anonymous_15)
FNDA:0,workerLoop
FNDA:0,(anonymous_17)
FNDA:0,tick
FNDA:0,(anonymous_19)
DA:1,1
DA:2,1
DA:19,1
DA:20,1
DA:23,0
DA:26,1
DA:27,0
DA:34,0
DA:35,0
DA:36,0
DA:37,0
DA:40,1
DA:41,0
DA:43,1
DA:44,0
DA:47,1
DA:48,0
DA:49,0
DA:50,0
DA:51,0
DA:52,0
DA:53,0
DA:55,0
DA:56,0
DA:57,0
DA:58,0
DA:59,0
DA:61,0
DA:63,0
DA:64,0
DA:65,0
DA:66,0
DA:70,0
DA:72,0
DA:73,0
DA:74,0
DA:75,0
DA:76,0
DA:77,0
DA:79,0
DA:81,0
DA:83,0
DA:84,0
DA:85,0
DA:86,0
DA:87,0
DA:88,0
DA:91,0
DA:95,0
DA:96,0
DA:97,0
DA:98,0
DA:99,0
DA:100,0
DA:101,0
DA:102,0
DA:111,0
DA:112,0
DA:113,0
DA:114,0
DA:115,0
DA:124,0
DA:125,0
DA:126,0
DA:127,0
DA:137,0
DA:138,0
DA:139,0
DA:141,0
DA:142,0
DA:143,0
DA:144,0
DA:149,0
DA:150,0
DA:151,0
DA:152,0
DA:153,0
DA:154,0
DA:155,0
DA:156,0
DA:158,0
DA:161,0
DA:165,1
DA:166,0
DA:169,1
DA:170,0
LF:86
LH:10
BRDA:51,0,0,0
BRDA:51,0,1,0
BRDA:59,1,0,0
BRDA:59,1,1,0
BRDA:59,1,2,0
BRDA:66,2,0,0
BRDA:69,3,0,0
BRDA:75,4,0,0
BRDA:76,5,0,0
BRDA:76,6,0,0
BRDA:76,6,1,0
BRDA:83,7,0,0
BRDA:83,7,1,0
BRDA:84,8,0,0
BRDA:84,9,0,0
BRDA:84,9,1,0
BRDA:91,10,0,0
BRDA:91,10,1,0
BRDA:100,11,0,0
BRDA:100,11,1,0
BRDA:111,12,0,0
BRDA:111,12,1,0
BRDA:112,13,0,0
BRDA:112,13,1,0
BRDA:124,14,0,0
BRDA:125,15,0,0
BRDA:125,15,1,0
BRDA:142,16,0,0
BRDA:142,16,1,0
BRDA:149,17,0,0
BRDA:154,18,0,0
BRDA:166,19,0,0
BRF:32
BRH:0
end_of_record
TN:
SF:src\middleware\auth.ts
FN:9,requireAuth
FN:33,requireRole
FN:34,(anonymous_2)
FNF:3
FNH:2
FNDA:3,requireAuth
FNDA:48,requireRole
FNDA:0,(anonymous_2)
DA:2,1
DA:3,1
DA:9,1
DA:10,3
DA:11,3
DA:12,0
DA:13,0
DA:16,3
DA:17,0
DA:18,0
DA:19,0
DA:21,3
DA:22,3
DA:23,3
DA:24,3
DA:25,3
DA:26,0
DA:27,0
DA:29,3
DA:33,1
DA:34,48
DA:35,0
DA:36,0
DA:37,0
DA:38,0
LF:25
LH:14
BRDA:11,0,0,0
BRDA:11,1,0,3
BRDA:11,1,1,0
BRDA:16,2,0,0
BRDA:17,3,0,0
BRDA:17,3,1,0
BRDA:22,4,0,0
BRDA:35,5,0,0
BRDA:36,6,0,0
BRDA:37,7,0,0
BRF:10
BRH:1
end_of_record
TN:
SF:src\middleware\ownership.ts
FN:5,requireExperimentOwnership
FN:6,(anonymous_1)
FNF:2
FNH:1
FNDA:8,requireExperimentOwnership
FNDA:0,(anonymous_1)
DA:2,1
DA:5,1
DA:6,8
DA:7,0
DA:8,0
DA:9,0
DA:10,0
DA:11,0
DA:12,0
DA:13,0
DA:14,0
DA:15,0
DA:17,0
LF:13
LH:3
BRDA:9,0,0,0
BRDA:12,1,0,0
BRDA:13,2,0,0
BRDA:13,3,0,0
BRDA:13,3,1,0
BRF:5
BRH:0
end_of_record
TN:
SF:src\middleware\rateLimiter.ts
FN:6,(anonymous_0)
FN:7,(anonymous_1)
FN:28,(anonymous_2)
FNF:3
FNH:0
FNDA:0,(anonymous_0)
FNDA:0,(anonymous_1)
FNDA:0,(anonymous_2)
DA:4,0
DA:6,0
DA:7,0
DA:8,0
DA:9,0
DA:10,0
DA:11,0
DA:12,0
DA:13,0
DA:14,0
DA:15,0
DA:17,0
DA:18,0
DA:23,0
DA:24,0
DA:28,0
DA:29,0
DA:30,0
DA:31,0
LF:19
LH:0
BRDA:9,0,0,0
BRDA:13,1,0,0
BRDA:13,2,0,0
BRDA:13,2,1,0
BRDA:17,3,0,0
BRDA:31,4,0,0
BRF:6
BRH:0
end_of_record
TN:
SF:src\models\Assignment.ts
FN:22,(anonymous_9)
FNF:1
FNH:0
FNDA:0,(anonymous_9)
DA:1,1
DA:15,1
DA:22,0
DA:25,1
DA:28,1
DA:30,1
LF:6
LH:5
BRF:0
BRH:0
end_of_record
TN:
SF:src\models\Attempt.ts
FN:59,(anonymous_9)
FN:69,(anonymous_10)
FNF:2
FNH:0
FNDA:0,(anonymous_9)
FNDA:0,(anonymous_10)
DA:1,1
DA:37,1
DA:59,0
DA:69,0
DA:72,1
DA:77,1
DA:78,1
DA:79,1
DA:80,1
DA:82,1
LF:10
LH:8
BRF:0
BRH:0
end_of_record
TN:
SF:src\models\ClassSession.ts
FN:27,(anonymous_9)
FNF:1
FNH:0
FNDA:0,(anonymous_9)
DA:1,1
DA:20,1
DA:27,0
DA:35,1
LF:4
LH:3
BRF:0
BRH:0
end_of_record
TN:
SF:src\models\Condition.ts
FN:14,(anonymous_9)
FNF:1
FNH:0
FNDA:0,(anonymous_9)
DA:1,1
DA:11,1
DA:14,0
DA:17,1
DA:19,1
LF:5
LH:4
BRF:0
BRH:0
end_of_record
TN:
SF:src\models\EffortResponse.ts
FN:18,(anonymous_9)
FNF:1
FNH:0
FNDA:0,(anonymous_9)
DA:1,1
DA:12,1
DA:18,0
DA:21,1
LF:4
LH:3
BRF:0
BRH:0
end_of_record
TN:
SF:src\models\Event.ts
FN:29,(anonymous_9)
FNF:1
FNH:0
FNDA:0,(anonymous_9)
DA:1,1
DA:22,1
DA:29,0
DA:33,1
DA:34,1
DA:35,1
DA:37,1
LF:7
LH:6
BRF:0
BRH:0
end_of_record
TN:
SF:src\models\Experiment.ts
FN:37,(anonymous_9)
FNF:1
FNH:0
FNDA:0,(anonymous_9)
DA:1,1
DA:24,1
DA:37,0
DA:57,1
LF:4
LH:3
BRDA:58,0,0,1
BRDA:58,0,1,1
BRF:2
BRH:2
end_of_record
TN:
SF:src\models\Story.ts
FN:44,(anonymous_9)
FNF:1
FNH:0
FNDA:0,(anonymous_9)
DA:1,1
DA:22,1
DA:44,0
DA:48,1
DA:50,1
LF:5
LH:4
BRF:0
BRH:0
end_of_record
TN:
SF:src\models\StoryTemplate.ts
FN:35,(anonymous_9)
FN:60,(anonymous_10)
FN:61,(anonymous_11)
FN:64,(anonymous_12)
FNF:4
FNH:0
FNDA:0,(anonymous_9)
FNDA:0,(anonymous_10)
FNDA:0,(anonymous_11)
FNDA:0,(anonymous_12)
DA:1,1
DA:30,1
DA:35,0
DA:60,0
DA:61,0
DA:64,1
DA:65,0
DA:66,0
DA:69,1
LF:9
LH:4
BRF:0
BRH:0
end_of_record
TN:
SF:src\models\User.ts
FN:17,(anonymous_9)
FNF:1
FNH:0
FNDA:0,(anonymous_9)
DA:1,1
DA:12,1
DA:17,0
DA:20,1
LF:4
LH:3
BRF:0
BRH:0
end_of_record
TN:
SF:src\routes\analytics.ts
FN:9,(anonymous_0)
FN:24,(anonymous_1)
FN:27,(anonymous_2)
FN:29,(anonymous_3)
FN:33,(anonymous_4)
FN:35,(anonymous_5)
FN:36,(anonymous_6)
FN:37,(anonymous_7)
FN:48,(anonymous_8)
FN:54,(anonymous_9)
FN:63,(anonymous_10)
FN:63,(anonymous_11)
FN:81,(anonymous_12)
FN:90,(anonymous_13)
FN:93,(anonymous_14)
FN:93,(anonymous_15)
FNF:16
FNH:0
FNDA:0,(anonymous_0)
FNDA:0,(anonymous_1)
FNDA:0,(anonymous_2)
FNDA:0,(anonymous_3)
FNDA:0,(anonymous_4)
FNDA:0,(anonymous_5)
FNDA:0,(anonymous_6)
FNDA:0,(anonymous_7)
FNDA:0,(anonymous_8)
FNDA:0,(anonymous_9)
FNDA:0,(anonymous_10)
FNDA:0,(anonymous_11)
FNDA:0,(anonymous_12)
FNDA:0,(anonymous_13)
FNDA:0,(anonymous_14)
FNDA:0,(anonymous_15)
DA:1,1
DA:2,1
DA:3,1
DA:4,1
DA:5,1
DA:7,1
DA:9,1
DA:10,0
DA:11,0
DA:12,0
DA:13,0
DA:15,0
DA:16,0
DA:17,0
DA:18,0
DA:19,0
DA:20,0
DA:21,0
DA:24,0
DA:27,0
DA:29,0
DA:33,0
DA:34,0
DA:35,0
DA:36,0
DA:37,0
DA:40,0
DA:48,1
DA:49,0
DA:50,0
DA:51,0
DA:52,0
DA:53,0
DA:54,0
DA:62,0
DA:63,0
DA:65,0
DA:66,0
DA:67,0
DA:69,0
DA:70,0
DA:81,0
DA:90,0
DA:92,0
DA:93,0
DA:95,0
DA:96,0
DA:100,0
DA:104,1
LF:49
LH:9
BRDA:17,0,0,0
BRDA:17,0,1,0
BRDA:18,1,0,0
BRDA:19,2,0,0
BRDA:20,3,0,0
BRDA:20,3,1,0
BRDA:26,4,0,0
BRDA:26,4,1,0
BRDA:29,5,0,0
BRDA:29,5,1,0
BRDA:50,6,0,0
BRDA:50,6,1,0
BRDA:51,7,0,0
BRDA:51,7,1,0
BRDA:58,8,0,0
BRDA:58,8,1,0
BRDA:60,9,0,0
BRDA:60,9,1,0
BRDA:89,10,0,0
BRDA:89,10,1,0
BRDA:90,11,0,0
BRDA:90,11,1,0
BRF:22
BRH:0
end_of_record
TN:
SF:src\routes\auth.ts
FN:16,(anonymous_1)
FN:33,(anonymous_2)
FN:56,(anonymous_3)
FN:77,(anonymous_4)
FN:84,(anonymous_5)
FN:112,(anonymous_6)
FN:116,(anonymous_7)
FNF:7
FNH:1
FNDA:0,(anonymous_1)
FNDA:1,(anonymous_2)
FNDA:0,(anonymous_3)
FNDA:0,(anonymous_4)
FNDA:0,(anonymous_5)
FNDA:0,(anonymous_6)
FNDA:0,(anonymous_7)
DA:1,1
DA:2,1
DA:3,1
DA:4,1
DA:5,1
DA:6,1
DA:8,1
DA:10,1
DA:16,1
DA:17,0
DA:18,0
DA:19,0
DA:20,0
DA:23,0
DA:24,0
DA:25,0
DA:26,0
DA:27,0
DA:28,0
DA:31,1
DA:33,1
DA:34,1
DA:35,1
DA:36,1
DA:39,1
DA:40,1
DA:41,1
DA:42,0
DA:43,0
DA:44,0
DA:50,0
DA:51,0
DA:52,0
DA:53,0
DA:56,1
DA:57,0
DA:58,0
DA:59,0
DA:60,0
DA:61,0
DA:62,0
DA:63,0
DA:69,0
DA:70,0
DA:72,0
DA:73,0
DA:77,1
DA:78,0
DA:79,0
DA:80,0
DA:84,1
DA:85,0
DA:92,0
DA:93,0
DA:94,0
DA:104,1
DA:108,1
DA:109,1
DA:112,1
DA:113,0
DA:116,1
DA:117,0
DA:118,0
DA:119,0
DA:120,0
DA:122,0
DA:123,0
DA:124,0
DA:125,0
DA:126,0
DA:127,0
DA:130,0
DA:131,0
DA:132,0
DA:133,0
DA:135,0
DA:136,0
DA:137,0
DA:138,0
DA:140,0
DA:144,0
DA:145,0
DA:146,0
DA:151,0
DA:152,0
DA:153,0
DA:154,0
DA:157,1
LF:88
LH:26
BRDA:18,0,0,0
BRDA:20,1,0,0
BRDA:20,1,1,0
BRDA:24,2,0,0
BRDA:35,3,0,0
BRDA:36,4,0,1
BRDA:36,4,1,0
BRDA:39,5,0,1
BRDA:39,5,1,0
BRDA:41,6,0,1
BRDA:43,7,0,0
BRDA:58,8,0,0
BRDA:62,9,0,0
BRDA:118,10,0,0
BRDA:123,11,0,0
BRDA:130,12,0,0
BRDA:130,12,1,0
BRDA:131,13,0,0
BRDA:136,14,0,0
BRDA:145,15,0,0
BRF:20
BRH:3
end_of_record
TN:
SF:src\routes\demo.ts
FN:7,(anonymous_0)
FN:12,(anonymous_1)
FN:23,(anonymous_2)
FN:50,(anonymous_3)
FNF:4
FNH:0
FNDA:0,(anonymous_0)
FNDA:0,(anonymous_1)
FNDA:0,(anonymous_2)
FNDA:0,(anonymous_3)
DA:1,1
DA:2,1
DA:4,1
DA:7,1
DA:8,0
DA:12,0
DA:19,0
DA:23,1
DA:24,0
DA:25,0
DA:26,0
DA:27,0
DA:49,0
DA:50,0
DA:51,0
DA:59,0
DA:73,1
LF:17
LH:6
BRDA:16,0,0,0
BRDA:16,0,1,0
BRF:2
BRH:0
end_of_record
TN:
SF:src\routes\demoLogin.ts
FN:6,(anonymous_0)
FNF:1
FNH:0
FNDA:0,(anonymous_0)
DA:1,1
DA:2,1
DA:4,1
DA:6,1
DA:7,0
DA:14,0
DA:15,0
DA:24,1
LF:8
LH:5
BRF:0
BRH:0
end_of_record
TN:
SF:src\routes\experiments.ts
FN:24,getCachedSuggestions
FN:36,makeCode
FN:38,(anonymous_12)
FN:41,splitParagraphSentences
FN:50,validateStory
FN:55,(anonymous_15)
FN:58,(anonymous_16)
FN:91,(anonymous_17)
FN:117,(anonymous_18)
FN:128,(anonymous_19)
FN:148,(anonymous_20)
FN:157,(anonymous_21)
FN:171,(anonymous_22)
FN:187,(anonymous_23)
FN:215,(anonymous_24)
FN:216,(anonymous_25)
FN:234,(anonymous_26)
FN:249,(anonymous_27)
FN:297,(anonymous_28)
FN:333,(anonymous_29)
FN:352,genOne
FN:400,(anonymous_31)
FN:401,(anonymous_32)
FN:448,(anonymous_33)
FN:458,(anonymous_34)
FN:459,(anonymous_35)
FN:486,(anonymous_36)
FN:503,(anonymous_37)
FN:504,(anonymous_38)
FN:519,(anonymous_39)
FN:544,(anonymous_40)
FN:603,(anonymous_41)
FN:606,(anonymous_42)
FN:611,(anonymous_43)
FN:612,(anonymous_44)
FN:613,(anonymous_45)
FN:651,(anonymous_46)
FN:680,(anonymous_47)
FN:687,(anonymous_48)
FN:688,(anonymous_49)
FN:692,splitSentences
FN:705,(anonymous_51)
FN:711,genFor
FN:744,(anonymous_53)
FN:744,(anonymous_54)
FN:784,(anonymous_55)
FN:803,(anonymous_56)
FN:807,(anonymous_57)
FN:808,(anonymous_58)
FN:814,(anonymous_59)
FN:815,(anonymous_60)
FN:834,(anonymous_61)
FN:872,(anonymous_62)
FN:890,(anonymous_63)
FN:896,(anonymous_64)
FN:897,(anonymous_65)
FN:902,(anonymous_66)
FN:914,(anonymous_67)
FN:921,(anonymous_68)
FN:935,(anonymous_69)
FN:959,(anonymous_70)
FN:962,(anonymous_71)
FN:963,(anonymous_72)
FN:964,(anonymous_73)
FN:965,(anonymous_74)
FN:969,(anonymous_75)
FN:974,(anonymous_76)
FN:985,(anonymous_77)
FN:986,(anonymous_78)
FN:1000,(anonymous_79)
FN:1006,(anonymous_80)
FN:1019,(anonymous_81)
FN:1028,(anonymous_82)
FN:1050,(anonymous_83)
FN:1087,(anonymous_84)
FN:1090,(anonymous_85)
FN:1106,(anonymous_86)
FN:1112,(anonymous_87)
FN:1122,(anonymous_88)
FN:1127,(anonymous_89)
FN:1128,(anonymous_90)
FN:1139,(anonymous_91)
FN:1140,(anonymous_92)
FNF:83
FNH:0
FNDA:0,getCachedSuggestions
FNDA:0,makeCode
FNDA:0,(anonymous_12)
FNDA:0,splitParagraphSentences
FNDA:0,validateStory
FNDA:0,(anonymous_15)
FNDA:0,(anonymous_16)
FNDA:0,(anonymous_17)
FNDA:0,(anonymous_18)
FNDA:0,(anonymous_19)
FNDA:0,(anonymous_20)
FNDA:0,(anonymous_21)
FNDA:0,(anonymous_22)
FNDA:0,(anonymous_23)
FNDA:0,(anonymous_24)
FNDA:0,(anonymous_25)
FNDA:0,(anonymous_26)
FNDA:0,(anonymous_27)
FNDA:0,(anonymous_28)
FNDA:0,(anonymous_29)
FNDA:0,genOne
FNDA:0,(anonymous_31)
FNDA:0,(anonymous_32)
FNDA:0,(anonymous_33)
FNDA:0,(anonymous_34)
FNDA:0,(anonymous_35)
FNDA:0,(anonymous_36)
FNDA:0,(anonymous_37)
FNDA:0,(anonymous_38)
FNDA:0,(anonymous_39)
FNDA:0,(anonymous_40)
FNDA:0,(anonymous_41)
FNDA:0,(anonymous_42)
FNDA:0,(anonymous_43)
FNDA:0,(anonymous_44)
FNDA:0,(anonymous_45)
FNDA:0,(anonymous_46)
FNDA:0,(anonymous_47)
FNDA:0,(anonymous_48)
FNDA:0,(anonymous_49)
FNDA:0,splitSentences
FNDA:0,(anonymous_51)
FNDA:0,genFor
FNDA:0,(anonymous_53)
FNDA:0,(anonymous_54)
FNDA:0,(anonymous_55)
FNDA:0,(anonymous_56)
FNDA:0,(anonymous_57)
FNDA:0,(anonymous_58)
FNDA:0,(anonymous_59)
FNDA:0,(anonymous_60)
FNDA:0,(anonymous_61)
FNDA:0,(anonymous_62)
FNDA:0,(anonymous_63)
FNDA:0,(anonymous_64)
FNDA:0,(anonymous_65)
FNDA:0,(anonymous_66)
FNDA:0,(anonymous_67)
FNDA:0,(anonymous_68)
FNDA:0,(anonymous_69)
FNDA:0,(anonymous_70)
FNDA:0,(anonymous_71)
FNDA:0,(anonymous_72)
FNDA:0,(anonymous_73)
FNDA:0,(anonymous_74)
FNDA:0,(anonymous_75)
FNDA:0,(anonymous_76)
FNDA:0,(anonymous_77)
FNDA:0,(anonymous_78)
FNDA:0,(anonymous_79)
FNDA:0,(anonymous_80)
FNDA:0,(anonymous_81)
FNDA:0,(anonymous_82)
FNDA:0,(anonymous_83)
FNDA:0,(anonymous_84)
FNDA:0,(anonymous_85)
FNDA:0,(anonymous_86)
FNDA:0,(anonymous_87)
FNDA:0,(anonymous_88)
FNDA:0,(anonymous_89)
FNDA:0,(anonymous_90)
FNDA:0,(anonymous_91)
FNDA:0,(anonymous_92)
DA:1,1
DA:2,1
DA:3,1
DA:4,1
DA:5,1
DA:6,1
DA:7,1
DA:8,1
DA:9,1
DA:17,1
DA:18,1
DA:19,1
DA:20,1
DA:21,1
DA:22,1
DA:23,1
DA:25,0
DA:26,0
DA:27,0
DA:28,0
DA:29,0
DA:31,0
DA:34,1
DA:37,0
DA:38,0
DA:42,0
DA:43,0
DA:45,0
DA:46,0
DA:47,0
DA:51,0
DA:52,0
DA:53,0
DA:54,0
DA:55,0
DA:57,0
DA:58,0
DA:59,0
DA:62,0
DA:63,0
DA:64,0
DA:65,0
DA:66,0
DA:67,0
DA:68,0
DA:69,0
DA:70,0
DA:72,0
DA:73,0
DA:74,0
DA:75,0
DA:77,0
DA:91,1
DA:92,0
DA:98,0
DA:99,0
DA:100,0
DA:101,0
DA:102,0
DA:103,0
DA:114,0
DA:117,1
DA:118,0
DA:119,0
DA:120,0
DA:123,1
DA:129,0
DA:130,0
DA:131,0
DA:132,0
DA:133,0
DA:138,0
DA:139,0
DA:143,1
DA:149,0
DA:153,0
DA:154,0
DA:155,0
DA:156,0
DA:157,0
DA:158,0
DA:159,0
DA:160,0
DA:165,0
DA:166,0
DA:170,0
DA:171,0
DA:172,0
DA:173,0
DA:177,0
DA:181,0
DA:182,0
DA:183,0
DA:184,0
DA:187,1
DA:188,0
DA:189,0
DA:190,0
DA:191,0
DA:192,0
DA:215,0
DA:216,0
DA:218,0
DA:219,0
DA:231,0
DA:232,0
DA:233,0
DA:234,0
DA:236,0
DA:249,1
DA:250,0
DA:253,0
DA:254,0
DA:256,0
DA:257,0
DA:259,0
DA:260,0
DA:261,0
DA:263,0
DA:267,0
DA:268,0
DA:269,0
DA:270,0
DA:273,0
DA:274,0
DA:275,0
DA:297,0
DA:298,0
DA:299,0
DA:300,0
DA:303,0
DA:304,0
DA:316,0
DA:317,0
DA:318,0
DA:319,0
DA:320,0
DA:322,0
DA:323,0
DA:328,1
DA:334,0
DA:339,0
DA:340,0
DA:341,0
DA:342,0
DA:343,0
DA:348,0
DA:349,0
DA:350,0
DA:353,0
DA:354,0
DA:355,0
DA:356,0
DA:357,0
DA:358,0
DA:359,0
DA:360,0
DA:361,0
DA:381,0
DA:382,0
DA:383,0
DA:386,0
DA:387,0
DA:388,0
DA:389,0
DA:390,0
DA:391,0
DA:393,0
DA:394,0
DA:399,0
DA:400,0
DA:401,0
DA:409,0
DA:411,0
DA:412,0
DA:413,0
DA:414,0
DA:417,0
DA:418,0
DA:419,0
DA:420,0
DA:421,0
DA:422,0
DA:423,0
DA:424,0
DA:425,0
DA:426,0
DA:427,0
DA:428,0
DA:429,0
DA:430,0
DA:431,0
DA:432,0
DA:433,0
DA:443,0
DA:444,0
DA:445,0
DA:446,0
DA:447,0
DA:448,0
DA:449,0
DA:450,0
DA:452,0
DA:453,0
DA:454,0
DA:456,0
DA:457,0
DA:458,0
DA:460,0
DA:461,0
DA:470,0
DA:471,0
DA:474,0
DA:475,0
DA:480,0
DA:484,0
DA:486,0
DA:487,0
DA:488,0
DA:489,0
DA:499,1
DA:504,0
DA:505,0
DA:506,0
DA:514,0
DA:516,0
DA:519,0
DA:520,0
DA:521,0
DA:529,0
DA:531,0
DA:534,0
DA:539,1
DA:545,0
DA:550,0
DA:551,0
DA:552,0
DA:553,0
DA:554,0
DA:555,0
DA:556,0
DA:557,0
DA:558,0
DA:559,0
DA:560,0
DA:561,0
DA:562,0
DA:563,0
DA:564,0
DA:565,0
DA:566,0
DA:567,0
DA:568,0
DA:569,0
DA:586,0
DA:587,0
DA:588,0
DA:591,0
DA:592,0
DA:593,0
DA:594,0
DA:596,0
DA:597,0
DA:602,0
DA:603,0
DA:604,0
DA:605,0
DA:606,0
DA:607,0
DA:609,0
DA:611,0
DA:612,0
DA:613,0
DA:614,0
DA:615,0
DA:616,0
DA:617,0
DA:618,0
DA:619,0
DA:620,0
DA:621,0
DA:622,0
DA:623,0
DA:624,0
DA:625,0
DA:628,0
DA:629,0
DA:630,0
DA:633,0
DA:635,0
DA:636,0
DA:637,0
DA:639,0
DA:640,0
DA:645,0
DA:646,0
DA:647,0
DA:651,1
DA:652,0
DA:653,0
DA:654,0
DA:656,0
DA:660,0
DA:661,0
DA:664,0
DA:669,0
DA:671,0
DA:677,0
DA:680,1
DA:681,0
DA:682,0
DA:683,0
DA:684,0
DA:685,0
DA:686,0
DA:687,0
DA:688,0
DA:689,0
DA:690,0
DA:693,0
DA:694,0
DA:695,0
DA:696,0
DA:698,0
DA:699,0
DA:700,0
DA:702,0
DA:705,0
DA:706,0
DA:707,0
DA:708,0
DA:712,0
DA:713,0
DA:714,0
DA:715,0
DA:716,0
DA:717,0
DA:718,0
DA:719,0
DA:720,0
DA:721,0
DA:722,0
DA:723,0
DA:724,0
DA:729,0
DA:730,0
DA:731,0
DA:732,0
DA:733,0
DA:736,0
DA:738,0
DA:739,0
DA:740,0
DA:741,0
DA:742,0
DA:743,0
DA:744,0
DA:746,0
DA:748,0
DA:749,0
DA:750,0
DA:752,0
DA:754,0
DA:755,0
DA:756,0
DA:757,0
DA:758,0
DA:759,0
DA:761,0
DA:763,0
DA:764,0
DA:765,0
DA:767,0
DA:770,0
DA:772,0
DA:773,0
DA:774,0
DA:775,0
DA:776,0
DA:778,0
DA:779,0
DA:784,1
DA:785,0
DA:786,0
DA:787,0
DA:788,0
DA:789,0
DA:790,0
DA:792,0
DA:793,0
DA:803,1
DA:804,0
DA:805,0
DA:806,0
DA:807,0
DA:808,0
DA:811,0
DA:813,0
DA:814,0
DA:815,0
DA:816,0
DA:817,0
DA:820,0
DA:821,0
DA:827,0
DA:828,0
DA:830,0
DA:834,1
DA:835,0
DA:836,0
DA:837,0
DA:839,0
DA:840,0
DA:843,0
DA:844,0
DA:845,0
DA:849,0
DA:854,0
DA:855,0
DA:859,0
DA:860,0
DA:862,0
DA:868,0
DA:872,1
DA:873,0
DA:875,0
DA:876,0
DA:882,0
DA:883,0
DA:884,0
DA:885,0
DA:886,0
DA:890,0
DA:891,0
DA:892,0
DA:894,0
DA:896,0
DA:897,0
DA:901,0
DA:902,0
DA:905,0
DA:914,0
DA:919,0
DA:921,0
DA:925,0
DA:926,0
DA:931,1
DA:936,0
DA:938,0
DA:939,0
DA:940,0
DA:942,0
DA:947,0
DA:948,0
DA:951,0
DA:956,0
DA:958,0
DA:959,0
DA:961,0
DA:962,0
DA:963,0
DA:964,0
DA:965,0
DA:968,0
DA:969,0
DA:973,0
DA:974,0
DA:977,0
DA:979,0
DA:985,0
DA:986,0
DA:990,0
DA:1000,0
DA:1006,0
DA:1012,0
DA:1013,0
DA:1019,1
DA:1020,0
DA:1022,0
DA:1023,0
DA:1028,0
DA:1042,0
DA:1044,0
DA:1045,0
DA:1050,1
DA:1051,0
DA:1053,0
DA:1054,0
DA:1055,0
DA:1058,0
DA:1060,0
DA:1062,0
DA:1063,0
DA:1064,0
DA:1065,0
DA:1073,0
DA:1079,0
DA:1080,0
DA:1082,0
DA:1083,0
DA:1087,1
DA:1088,0
DA:1089,0
DA:1090,0
DA:1106,1
DA:1108,0
DA:1112,0
DA:1119,0
DA:1122,1
DA:1123,0
DA:1124,0
DA:1125,0
DA:1126,0
DA:1127,0
DA:1128,0
DA:1130,0
DA:1131,0
DA:1132,0
DA:1133,0
DA:1134,0
DA:1136,0
DA:1137,0
DA:1139,0
DA:1140,0
DA:1148,0
DA:1161,1
LF:526
LH:39
BRDA:26,0,0,0
BRDA:27,1,0,0
BRDA:36,2,0,0
BRDA:46,3,0,0
BRDA:46,4,0,0
BRDA:46,4,1,0
BRDA:52,5,0,0
BRDA:52,5,1,0
BRDA:53,6,0,0
BRDA:53,7,0,0
BRDA:53,7,1,0
BRDA:59,8,0,0
BRDA:64,9,0,0
BRDA:64,10,0,0
BRDA:64,10,1,0
BRDA:66,11,0,0
BRDA:66,11,1,0
BRDA:67,12,0,0
BRDA:67,13,0,0
BRDA:67,13,1,0
BRDA:74,14,0,0
BRDA:75,15,0,0
BRDA:99,16,0,0
BRDA:107,17,0,0
BRDA:107,17,1,0
BRDA:108,18,0,0
BRDA:108,18,1,0
BRDA:119,19,0,0
BRDA:131,20,0,0
BRDA:138,21,0,0
BRDA:154,22,0,0
BRDA:156,23,0,0
BRDA:159,24,0,0
BRDA:159,25,0,0
BRDA:159,25,1,0
BRDA:170,26,0,0
BRDA:170,26,1,0
BRDA:171,27,0,0
BRDA:171,27,1,0
BRDA:172,28,0,0
BRDA:178,29,0,0
BRDA:178,29,1,0
BRDA:189,30,0,0
BRDA:191,31,0,0
BRDA:220,32,0,0
BRDA:220,32,1,0
BRDA:226,33,0,0
BRDA:226,33,1,0
BRDA:226,33,2,0
BRDA:226,34,0,0
BRDA:226,34,1,0
BRDA:231,35,0,0
BRDA:231,35,1,0
BRDA:233,36,0,0
BRDA:233,36,1,0
BRDA:254,37,0,0
BRDA:254,37,1,0
BRDA:254,38,0,0
BRDA:254,38,1,0
BRDA:257,39,0,0
BRDA:259,40,0,0
BRDA:259,40,1,0
BRDA:260,41,0,0
BRDA:260,41,1,0
BRDA:261,42,0,0
BRDA:261,42,1,0
BRDA:263,43,0,0
BRDA:263,43,1,0
BRDA:263,43,2,0
BRDA:268,44,0,0
BRDA:274,45,0,0
BRDA:305,46,0,0
BRDA:305,46,1,0
BRDA:311,47,0,0
BRDA:311,47,1,0
BRDA:311,47,2,0
BRDA:316,48,0,0
BRDA:316,48,1,0
BRDA:318,49,0,0
BRDA:318,49,1,0
BRDA:319,50,0,0
BRDA:340,51,0,0
BRDA:342,52,0,0
BRDA:344,53,0,0
BRDA:344,53,1,0
BRDA:344,54,0,0
BRDA:344,54,1,0
BRDA:346,55,0,0
BRDA:346,55,1,0
BRDA:349,56,0,0
BRDA:349,56,1,0
BRDA:355,57,0,0
BRDA:355,57,1,0
BRDA:358,58,0,0
BRDA:362,59,0,0
BRDA:362,59,1,0
BRDA:370,60,0,0
BRDA:370,60,1,0
BRDA:370,60,2,0
BRDA:370,60,3,0
BRDA:381,61,0,0
BRDA:381,61,1,0
BRDA:383,62,0,0
BRDA:383,62,1,0
BRDA:386,63,0,0
BRDA:391,64,0,0
BRDA:399,65,0,0
BRDA:426,66,0,0
BRDA:426,66,1,0
BRDA:427,67,0,0
BRDA:427,67,1,0
BRDA:429,68,0,0
BRDA:429,68,1,0
BRDA:449,69,0,0
BRDA:474,70,0,0
BRDA:474,70,1,0
BRDA:507,71,0,0
BRDA:507,71,1,0
BRDA:511,72,0,0
BRDA:511,72,1,0
BRDA:522,73,0,0
BRDA:522,73,1,0
BRDA:551,74,0,0
BRDA:553,75,0,0
BRDA:556,76,0,0
BRDA:556,76,1,0
BRDA:557,77,0,0
BRDA:557,77,1,0
BRDA:558,78,0,0
BRDA:558,78,1,0
BRDA:558,78,2,0
BRDA:559,79,0,0
BRDA:561,80,0,0
BRDA:567,81,0,0
BRDA:567,82,0,0
BRDA:567,82,1,0
BRDA:570,83,0,0
BRDA:570,83,1,0
BRDA:578,84,0,0
BRDA:578,84,1,0
BRDA:578,84,2,0
BRDA:586,85,0,0
BRDA:586,85,1,0
BRDA:588,86,0,0
BRDA:588,86,1,0
BRDA:591,87,0,0
BRDA:591,87,1,0
BRDA:602,88,0,0
BRDA:645,89,0,0
BRDA:645,89,1,0
BRDA:654,90,0,0
BRDA:660,91,0,0
BRDA:660,92,0,0
BRDA:660,92,1,0
BRDA:669,93,0,0
BRDA:683,94,0,0
BRDA:685,95,0,0
BRDA:699,96,0,0
BRDA:699,97,0,0
BRDA:699,97,1,0
BRDA:706,98,0,0
BRDA:707,99,0,0
BRDA:712,100,0,0
BRDA:712,100,1,0
BRDA:712,101,0,0
BRDA:712,101,1,0
BRDA:713,102,0,0
BRDA:713,102,1,0
BRDA:713,103,0,0
BRDA:713,103,1,0
BRDA:715,104,0,0
BRDA:716,105,0,0
BRDA:716,105,1,0
BRDA:718,106,0,0
BRDA:725,107,0,0
BRDA:725,107,1,0
BRDA:726,108,0,0
BRDA:726,108,1,0
BRDA:772,109,0,0
BRDA:772,109,1,0
BRDA:775,110,0,0
BRDA:776,111,0,0
BRDA:776,111,1,0
BRDA:779,112,0,0
BRDA:779,112,1,0
BRDA:787,113,0,0
BRDA:788,114,0,0
BRDA:788,114,1,0
BRDA:788,115,0,0
BRDA:788,115,1,0
BRDA:788,116,0,0
BRDA:788,116,1,0
BRDA:788,117,0,0
BRDA:788,117,1,0
BRDA:790,118,0,0
BRDA:798,119,0,0
BRDA:798,119,1,0
BRDA:806,120,0,0
BRDA:837,121,0,0
BRDA:840,122,0,0
BRDA:843,123,0,0
BRDA:844,124,0,0
BRDA:844,125,0,0
BRDA:844,125,1,0
BRDA:854,126,0,0
BRDA:854,127,0,0
BRDA:854,127,1,0
BRDA:885,128,0,0
BRDA:892,129,0,0
BRDA:892,129,1,0
BRDA:901,130,0,0
BRDA:901,130,1,0
BRDA:907,131,0,0
BRDA:907,131,1,0
BRDA:913,132,0,0
BRDA:913,132,1,0
BRDA:940,133,0,0
BRDA:947,134,0,0
BRDA:958,135,0,0
BRDA:958,135,1,0
BRDA:962,136,0,0
BRDA:962,136,1,0
BRDA:963,137,0,0
BRDA:963,137,1,0
BRDA:964,138,0,0
BRDA:964,138,1,0
BRDA:965,139,0,0
BRDA:965,139,1,0
BRDA:969,140,0,0
BRDA:969,140,1,0
BRDA:973,141,0,0
BRDA:973,141,1,0
BRDA:977,142,0,0
BRDA:977,142,1,0
BRDA:985,143,0,0
BRDA:985,143,1,0
BRDA:994,144,0,0
BRDA:994,144,1,0
BRDA:999,145,0,0
BRDA:999,145,1,0
BRDA:1004,146,0,0
BRDA:1004,146,1,0
BRDA:1030,147,0,0
BRDA:1030,147,1,0
BRDA:1032,148,0,0
BRDA:1032,148,1,0
BRDA:1033,149,0,0
BRDA:1033,149,1,0
BRDA:1034,150,0,0
BRDA:1034,150,1,0
BRDA:1035,151,0,0
BRDA:1035,151,1,0
BRDA:1036,152,0,0
BRDA:1036,152,1,0
BRDA:1037,153,0,0
BRDA:1037,153,1,0
BRDA:1039,154,0,0
BRDA:1039,154,1,0
BRDA:1055,155,0,0
BRDA:1060,156,0,0
BRDA:1093,157,0,0
BRDA:1093,157,1,0
BRDA:1096,158,0,0
BRDA:1096,158,1,0
BRDA:1116,159,0,0
BRDA:1116,159,1,0
BRDA:1124,160,0,0
BRDA:1128,161,0,0
BRDA:1128,161,1,0
BRDA:1132,162,0,0
BRDA:1132,162,1,0
BRDA:1137,163,0,0
BRDA:1137,163,1,0
BRDA:1139,164,0,0
BRDA:1139,164,1,0
BRF:275
BRH:0
end_of_record
TN:
SF:src\routes\jobs.ts
FN:8,(anonymous_0)
FN:24,(anonymous_1)
FN:30,(anonymous_2)
FN:36,(anonymous_3)
FN:38,latestStatus
FN:45,(anonymous_5)
FN:46,(anonymous_6)
FN:47,(anonymous_7)
FN:48,(anonymous_8)
FN:49,(anonymous_9)
FNF:10
FNH:0
FNDA:0,(anonymous_0)
FNDA:0,(anonymous_1)
FNDA:0,(anonymous_2)
FNDA:0,(anonymous_3)
FNDA:0,latestStatus
FNDA:0,(anonymous_5)
FNDA:0,(anonymous_6)
FNDA:0,(anonymous_7)
FNDA:0,(anonymous_8)
FNDA:0,(anonymous_9)
DA:1,1
DA:2,1
DA:3,1
DA:4,1
DA:6,1
DA:8,1
DA:9,0
DA:14,0
DA:15,0
DA:16,0
DA:21,0
DA:24,1
DA:25,0
DA:26,0
DA:27,0
DA:30,1
DA:31,0
DA:32,0
DA:36,1
DA:37,0
DA:39,0
DA:40,0
DA:41,0
DA:42,0
DA:43,0
DA:45,0
DA:46,0
DA:47,0
DA:48,0
DA:49,0
DA:50,0
DA:53,1
LF:32
LH:10
BRDA:15,0,0,0
BRDA:26,1,0,0
BRDA:40,2,0,0
BRDA:41,3,0,0
BRDA:42,4,0,0
BRDA:46,5,0,0
BRDA:46,5,1,0
BRDA:47,6,0,0
BRDA:47,6,1,0
BRDA:48,7,0,0
BRDA:48,7,1,0
BRDA:49,8,0,0
BRDA:49,8,1,0
BRF:13
BRH:0
end_of_record
TN:
SF:src\routes\simple.ts
FN:14,(anonymous_9)
FN:51,(anonymous_10)
FN:62,(anonymous_11)
FN:71,(anonymous_12)
FN:90,toneWavBase64
FNF:5
FNH:0
FNDA:0,(anonymous_9)
FNDA:0,(anonymous_10)
FNDA:0,(anonymous_11)
FNDA:0,(anonymous_12)
FNDA:0,toneWavBase64
DA:1,1
DA:2,1
DA:3,1
DA:4,1
DA:6,1
DA:10,1
DA:15,0
DA:16,0
DA:19,0
DA:21,0
DA:22,0
DA:23,0
DA:24,0
DA:25,0
DA:28,0
DA:29,0
DA:30,0
DA:38,0
DA:39,0
DA:40,0
DA:41,0
DA:42,0
DA:43,0
DA:49,0
DA:50,0
DA:51,0
DA:52,0
DA:54,0
DA:58,1
DA:62,1
DA:63,0
DA:64,0
DA:65,0
DA:67,0
DA:69,0
DA:70,0
DA:71,0
DA:72,0
DA:73,0
DA:74,0
DA:80,0
DA:81,0
DA:82,0
DA:84,0
DA:91,0
DA:92,0
DA:93,0
DA:94,0
DA:95,0
DA:96,0
DA:97,0
DA:98,0
DA:99,0
DA:100,0
DA:101,0
DA:102,0
DA:103,0
DA:104,0
DA:105,0
DA:106,0
DA:107,0
DA:108,0
DA:109,0
DA:110,0
DA:111,0
DA:113,0
DA:115,0
DA:116,0
LF:68
LH:8
BRDA:15,0,0,0
BRDA:15,0,1,0
BRDA:16,1,0,0
BRDA:16,1,1,0
BRDA:19,2,0,0
BRDA:24,3,0,0
BRDA:29,4,0,0
BRDA:29,4,1,0
BRDA:38,5,0,0
BRDA:38,5,1,0
BRDA:40,6,0,0
BRDA:40,6,1,0
BRDA:41,7,0,0
BRDA:63,8,0,0
BRDA:63,8,1,0
BRDA:64,9,0,0
BRDA:69,10,0,0
BRDA:75,11,0,0
BRDA:75,11,1,0
BRDA:76,12,0,0
BRDA:76,12,1,0
BRF:21
BRH:0
end_of_record
TN:
SF:src\routes\stories.ts
FN:34,mockStory
FN:37,(anonymous_11)
FN:44,(anonymous_12)
FN:93,writeBeepWav
FN:120,(anonymous_14)
FN:127,(anonymous_15)
FN:172,(anonymous_16)
FN:227,splitSentences
FN:244,(anonymous_18)
FN:251,(anonymous_19)
FN:263,(anonymous_20)
FN:268,(anonymous_21)
FN:275,(anonymous_22)
FN:281,(anonymous_23)
FN:282,(anonymous_24)
FN:283,(anonymous_25)
FN:284,(anonymous_26)
FN:287,(anonymous_27)
FN:336,(anonymous_28)
FN:348,(anonymous_29)
FNF:20
FNH:0
FNDA:0,mockStory
FNDA:0,(anonymous_11)
FNDA:0,(anonymous_12)
FNDA:0,writeBeepWav
FNDA:0,(anonymous_14)
FNDA:0,(anonymous_15)
FNDA:0,(anonymous_16)
FNDA:0,splitSentences
FNDA:0,(anonymous_18)
FNDA:0,(anonymous_19)
FNDA:0,(anonymous_20)
FNDA:0,(anonymous_21)
FNDA:0,(anonymous_22)
FNDA:0,(anonymous_23)
FNDA:0,(anonymous_24)
FNDA:0,(anonymous_25)
FNDA:0,(anonymous_26)
FNDA:0,(anonymous_27)
FNDA:0,(anonymous_28)
FNDA:0,(anonymous_29)
DA:1,1
DA:2,1
DA:3,1
DA:4,1
DA:5,1
DA:6,1
DA:7,1
DA:8,1
DA:10,1
DA:12,1
DA:22,1
DA:35,0
DA:36,0
DA:37,0
DA:38,0
DA:39,0
DA:40,0
DA:41,0
DA:44,1
DA:45,0
DA:51,0
DA:52,0
DA:53,0
DA:54,0
DA:55,0
DA:56,0
DA:58,0
DA:59,0
DA:60,0
DA:70,0
DA:74,0
DA:84,0
DA:85,0
DA:87,0
DA:88,0
DA:94,0
DA:95,0
DA:96,0
DA:97,0
DA:98,0
DA:99,0
DA:100,0
DA:101,0
DA:102,0
DA:103,0
DA:104,0
DA:105,0
DA:106,0
DA:107,0
DA:108,0
DA:109,0
DA:110,0
DA:111,0
DA:112,0
DA:113,0
DA:114,0
DA:116,0
DA:117,0
DA:120,1
DA:121,0
DA:122,0
DA:123,0
DA:124,0
DA:125,0
DA:126,0
DA:127,0
DA:128,0
DA:129,0
DA:130,0
DA:131,0
DA:132,0
DA:133,0
DA:134,0
DA:135,0
DA:136,0
DA:137,0
DA:145,0
DA:146,0
DA:147,0
DA:148,0
DA:149,0
DA:150,0
DA:151,0
DA:152,0
DA:158,0
DA:159,0
DA:160,0
DA:167,0
DA:168,0
DA:169,0
DA:172,0
DA:173,0
DA:174,0
DA:175,0
DA:176,0
DA:177,0
DA:178,0
DA:179,0
DA:186,0
DA:187,0
DA:188,0
DA:204,0
DA:205,0
DA:206,0
DA:207,0
DA:208,0
DA:209,0
DA:210,0
DA:211,0
DA:218,0
DA:219,0
DA:220,0
DA:221,0
DA:222,0
DA:223,0
DA:224,0
DA:228,0
DA:230,0
DA:231,0
DA:232,0
DA:233,0
DA:234,0
DA:235,0
DA:236,0
DA:238,0
DA:239,0
DA:244,1
DA:245,0
DA:246,0
DA:247,0
DA:248,0
DA:251,1
DA:252,0
DA:253,0
DA:254,0
DA:259,0
DA:260,0
DA:263,1
DA:264,0
DA:265,0
DA:268,1
DA:269,0
DA:270,0
DA:271,0
DA:275,1
DA:276,0
DA:277,0
DA:278,0
DA:280,0
DA:281,0
DA:282,0
DA:283,0
DA:284,0
DA:286,0
DA:287,0
DA:289,0
DA:290,0
DA:291,0
DA:292,0
DA:293,0
DA:294,0
DA:295,0
DA:296,0
DA:297,0
DA:303,0
DA:304,0
DA:307,0
DA:310,0
DA:313,0
DA:314,0
DA:316,0
DA:327,0
DA:328,0
DA:332,1
DA:337,0
DA:338,0
DA:339,0
DA:340,0
DA:341,0
DA:342,0
DA:343,0
DA:344,0
DA:348,1
DA:349,0
DA:350,0
DA:351,0
DA:352,0
DA:353,0
DA:354,0
DA:357,1
LF:190
LH:21
BRDA:52,0,0,0
BRDA:54,1,0,0
BRDA:84,2,0,0
BRDA:84,2,1,0
BRDA:123,3,0,0
BRDA:126,4,0,0
BRDA:131,5,0,0
BRDA:145,6,0,0
BRDA:145,7,0,0
BRDA:145,7,1,0
BRDA:186,8,0,0
BRDA:186,9,0,0
BRDA:186,9,1,0
BRDA:186,9,2,0
BRDA:204,10,0,0
BRDA:228,11,0,0
BRDA:236,12,0,0
BRDA:236,12,1,0
BRDA:238,13,0,0
BRDA:246,14,0,0
BRDA:253,15,0,0
BRDA:259,16,0,0
BRDA:270,17,0,0
BRDA:278,18,0,0
BRDA:291,19,0,0
BRDA:295,20,0,0
BRDA:304,21,0,0
BRDA:304,21,1,0
BRDA:307,22,0,0
BRDA:307,22,1,0
BRDA:310,23,0,0
BRDA:310,23,1,0
BRDA:319,24,0,0
BRDA:319,24,1,0
BRDA:320,25,0,0
BRDA:320,25,1,0
BRDA:321,26,0,0
BRDA:321,26,1,0
BRDA:321,27,0,0
BRDA:321,27,1,0
BRDA:322,28,0,0
BRDA:322,28,1,0
BRDA:323,29,0,0
BRDA:323,29,1,0
BRDA:339,30,0,0
BRDA:341,31,0,0
BRDA:343,32,0,0
BRDA:343,32,1,0
BRDA:351,33,0,0
BRDA:353,34,0,0
BRF:50
BRH:0
end_of_record
TN:
SF:src\routes\student.ts
FN:18,computeHighlightIndices
FN:36,(anonymous_2)
FN:140,(anonymous_3)
FN:148,(anonymous_4)
FN:166,(anonymous_5)
FN:169,(anonymous_6)
FN:174,(anonymous_7)
FN:235,(anonymous_8)
FN:248,(anonymous_9)
FN:307,(anonymous_10)
FN:416,(anonymous_11)
FN:442,(anonymous_12)
FN:465,(anonymous_13)
FN:484,(anonymous_14)
FN:493,(anonymous_15)
FN:503,(anonymous_16)
FN:507,(anonymous_17)
FN:512,(anonymous_18)
FN:524,(anonymous_19)
FN:539,(anonymous_20)
FN:549,(anonymous_21)
FN:553,(anonymous_22)
FN:558,(anonymous_23)
FN:570,(anonymous_24)
FNF:24
FNH:0
FNDA:0,computeHighlightIndices
FNDA:0,(anonymous_2)
FNDA:0,(anonymous_3)
FNDA:0,(anonymous_4)
FNDA:0,(anonymous_5)
FNDA:0,(anonymous_6)
FNDA:0,(anonymous_7)
FNDA:0,(anonymous_8)
FNDA:0,(anonymous_9)
FNDA:0,(anonymous_10)
FNDA:0,(anonymous_11)
FNDA:0,(anonymous_12)
FNDA:0,(anonymous_13)
FNDA:0,(anonymous_14)
FNDA:0,(anonymous_15)
FNDA:0,(anonymous_16)
FNDA:0,(anonymous_17)
FNDA:0,(anonymous_18)
FNDA:0,(anonymous_19)
FNDA:0,(anonymous_20)
FNDA:0,(anonymous_21)
FNDA:0,(anonymous_22)
FNDA:0,(anonymous_23)
FNDA:0,(anonymous_24)
DA:1,1
DA:2,1
DA:3,1
DA:4,1
DA:5,1
DA:6,1
DA:7,1
DA:8,1
DA:9,1
DA:10,1
DA:11,1
DA:12,1
DA:13,1
DA:14,1
DA:15,1
DA:16,1
DA:20,0
DA:21,0
DA:22,0
DA:23,0
DA:26,0
DA:27,0
DA:28,0
DA:31,0
DA:34,1
DA:36,1
DA:37,0
DA:41,0
DA:42,0
DA:43,0
DA:45,0
DA:46,0
DA:47,0
DA:48,0
DA:57,0
DA:58,0
DA:59,0
DA:60,0
DA:65,0
DA:69,0
DA:70,0
DA:74,0
DA:86,0
DA:87,0
DA:88,0
DA:89,0
DA:90,0
DA:91,0
DA:92,0
DA:94,0
DA:98,0
DA:99,0
DA:100,0
DA:101,0
DA:102,0
DA:103,0
DA:104,0
DA:107,0
DA:115,0
DA:120,0
DA:121,0
DA:122,0
DA:123,0
DA:135,0
DA:139,0
DA:140,0
DA:141,0
DA:148,0
DA:149,0
DA:156,0
DA:157,0
DA:158,0
DA:159,0
DA:160,0
DA:162,0
DA:163,0
DA:164,0
DA:166,0
DA:169,0
DA:170,0
DA:171,0
DA:172,0
DA:174,0
DA:177,0
DA:178,0
DA:181,0
DA:212,0
DA:213,0
DA:214,0
DA:215,0
DA:217,0
DA:235,1
DA:236,0
DA:237,0
DA:238,0
DA:239,0
DA:242,0
DA:248,1
DA:249,0
DA:260,0
DA:261,0
DA:262,0
DA:263,0
DA:264,0
DA:265,0
DA:266,0
DA:268,0
DA:269,0
DA:270,0
DA:272,0
DA:280,0
DA:296,0
DA:297,0
DA:299,0
DA:307,1
DA:308,0
DA:317,0
DA:318,0
DA:319,0
DA:320,0
DA:323,0
DA:324,0
DA:326,0
DA:327,0
DA:330,0
DA:336,0
DA:337,0
DA:338,0
DA:339,0
DA:340,0
DA:342,0
DA:350,0
DA:352,0
DA:355,0
DA:365,0
DA:374,0
DA:386,0
DA:387,0
DA:388,0
DA:389,0
DA:390,0
DA:396,0
DA:397,0
DA:406,0
DA:409,0
DA:416,1
DA:417,0
DA:422,0
DA:423,0
DA:424,0
DA:425,0
DA:426,0
DA:427,0
DA:429,0
DA:439,0
DA:442,1
DA:443,0
DA:449,0
DA:450,0
DA:451,0
DA:452,0
DA:453,0
DA:455,0
DA:462,0
DA:465,1
DA:466,0
DA:478,0
DA:479,0
DA:480,0
DA:481,0
DA:483,0
DA:484,0
DA:486,0
DA:489,1
DA:494,0
DA:499,0
DA:500,0
DA:501,0
DA:502,0
DA:503,0
DA:507,0
DA:508,0
DA:509,0
DA:511,0
DA:513,0
DA:524,0
DA:531,0
DA:535,1
DA:540,0
DA:545,0
DA:546,0
DA:547,0
DA:548,0
DA:549,0
DA:553,0
DA:554,0
DA:555,0
DA:557,0
DA:559,0
DA:570,0
DA:577,0
DA:581,1
LF:202
LH:27
BRDA:20,0,0,0
BRDA:22,1,0,0
BRDA:28,2,0,0
BRDA:42,3,0,0
BRDA:43,4,0,0
BRDA:43,4,1,0
BRDA:43,4,2,0
BRDA:46,5,0,0
BRDA:46,6,0,0
BRDA:46,6,1,0
BRDA:52,7,0,0
BRDA:52,7,1,0
BRDA:53,8,0,0
BRDA:53,8,1,0
BRDA:58,9,0,0
BRDA:59,10,0,0
BRDA:69,11,0,0
BRDA:69,12,0,0
BRDA:69,12,1,0
BRDA:88,13,0,0
BRDA:88,13,1,0
BRDA:89,14,0,0
BRDA:89,14,1,0
BRDA:91,15,0,0
BRDA:91,15,1,0
BRDA:98,16,0,0
BRDA:98,16,1,0
BRDA:99,17,0,0
BRDA:100,18,0,0
BRDA:100,18,1,0
BRDA:100,18,2,0
BRDA:104,19,0,0
BRDA:104,19,1,0
BRDA:116,20,0,0
BRDA:116,20,1,0
BRDA:120,21,0,0
BRDA:120,21,1,0
BRDA:120,21,2,0
BRDA:120,21,3,0
BRDA:121,22,0,0
BRDA:127,23,0,0
BRDA:127,23,1,0
BRDA:128,24,0,0
BRDA:128,24,1,0
BRDA:135,25,0,0
BRDA:135,25,1,0
BRDA:140,26,0,0
BRDA:140,26,1,0
BRDA:148,27,0,0
BRDA:148,27,1,0
BRDA:158,28,0,0
BRDA:158,28,1,0
BRDA:163,29,0,0
BRDA:163,29,1,0
BRDA:166,30,0,0
BRDA:166,30,1,0
BRDA:169,31,0,0
BRDA:169,31,1,0
BRDA:172,32,0,0
BRDA:174,33,0,0
BRDA:174,33,1,0
BRDA:178,34,0,0
BRDA:212,35,0,0
BRDA:212,35,1,0
BRDA:213,36,0,0
BRDA:213,36,1,0
BRDA:214,37,0,0
BRDA:214,37,1,0
BRDA:215,38,0,0
BRDA:215,38,1,0
BRDA:228,39,0,0
BRDA:228,39,1,0
BRDA:229,40,0,0
BRDA:229,40,1,0
BRDA:237,41,0,0
BRDA:243,42,0,0
BRDA:243,42,1,0
BRDA:261,43,0,0
BRDA:264,44,0,0
BRDA:268,45,0,0
BRDA:269,46,0,0
BRDA:269,46,1,0
BRDA:296,47,0,0
BRDA:296,47,1,0
BRDA:318,48,0,0
BRDA:320,49,0,0
BRDA:320,49,1,0
BRDA:320,49,2,0
BRDA:323,50,0,0
BRDA:323,51,0,0
BRDA:323,51,1,0
BRDA:326,52,0,0
BRDA:336,53,0,0
BRDA:336,53,1,0
BRDA:337,54,0,0
BRDA:337,54,1,0
BRDA:338,55,0,0
BRDA:338,55,1,0
BRDA:338,56,0,0
BRDA:338,56,1,0
BRDA:342,57,0,0
BRDA:342,57,1,0
BRDA:344,58,0,0
BRDA:344,58,1,0
BRDA:346,59,0,0
BRDA:346,59,1,0
BRDA:350,60,0,0
BRDA:352,61,0,0
BRDA:352,61,1,0
BRDA:366,62,0,0
BRDA:366,62,1,0
BRDA:376,63,0,0
BRDA:376,63,1,0
BRDA:378,64,0,0
BRDA:378,64,1,0
BRDA:387,65,0,0
BRDA:389,66,0,0
BRDA:389,66,1,0
BRDA:396,67,0,0
BRDA:396,67,1,0
BRDA:406,68,0,0
BRDA:406,68,1,0
BRDA:423,69,0,0
BRDA:425,70,0,0
BRDA:426,71,0,0
BRDA:450,72,0,0
BRDA:452,73,0,0
BRDA:479,74,0,0
BRDA:480,75,0,0
BRDA:500,76,0,0
BRDA:502,77,0,0
BRDA:507,78,0,0
BRDA:507,78,1,0
BRDA:508,79,0,0
BRDA:524,80,0,0
BRDA:524,80,1,0
BRDA:546,81,0,0
BRDA:548,82,0,0
BRDA:553,83,0,0
BRDA:553,83,1,0
BRDA:554,84,0,0
BRDA:570,85,0,0
BRDA:570,85,1,0
BRF:143
BRH:0
end_of_record
TN:
SF:src\routes\studentExtra.ts
FN:13,(anonymous_0)
FN:48,(anonymous_1)
FN:53,(anonymous_2)
FN:87,(anonymous_3)
FN:96,(anonymous_4)
FNF:5
FNH:0
FNDA:0,(anonymous_0)
FNDA:0,(anonymous_1)
FNDA:0,(anonymous_2)
FNDA:0,(anonymous_3)
FNDA:0,(anonymous_4)
DA:1,1
DA:2,1
DA:3,1
DA:4,1
DA:5,1
DA:7,1
DA:8,1
DA:9,1
DA:11,1
DA:13,1
DA:14,0
DA:21,0
DA:22,0
DA:23,0
DA:25,0
DA:26,0
DA:43,0
DA:44,0
DA:45,0
DA:46,0
DA:47,0
DA:48,0
DA:50,0
DA:53,1
DA:54,0
DA:59,0
DA:60,0
DA:61,0
DA:62,0
DA:64,0
DA:65,0
DA:66,0
DA:67,0
DA:76,0
DA:77,0
DA:78,0
DA:82,0
DA:87,1
DA:88,0
DA:93,0
DA:94,0
DA:95,0
DA:96,0
DA:105,0
DA:108,1
LF:45
LH:13
BRDA:22,0,0,0
BRDA:33,1,0,0
BRDA:33,1,1,0
BRDA:34,2,0,0
BRDA:34,2,1,0
BRDA:43,3,0,0
BRDA:43,3,1,0
BRDA:45,4,0,0
BRDA:60,5,0,0
BRDA:62,6,0,0
BRDA:65,7,0,0
BRDA:68,8,0,0
BRDA:68,8,1,0
BRDA:76,9,0,0
BRDA:76,9,1,0
BRDA:78,10,0,0
BRDA:83,11,0,0
BRDA:83,11,1,0
BRDA:94,12,0,0
BRDA:96,13,0,0
BRDA:96,13,1,0
BRDA:102,14,0,0
BRDA:102,14,1,0
BRF:23
BRH:0
end_of_record
TN:
SF:src\scripts\create-student.ts
FN:7,main
FN:23,(anonymous_2)
FNF:2
FNH:0
FNDA:0,main
FNDA:0,(anonymous_2)
DA:1,0
DA:2,0
DA:3,0
DA:4,0
DA:5,0
DA:8,0
DA:9,0
DA:10,0
DA:11,0
DA:12,0
DA:14,0
DA:15,0
DA:16,0
DA:17,0
DA:18,0
DA:19,0
DA:20,0
DA:23,0
LF:18
LH:0
BRDA:8,0,0,0
BRDA:8,0,1,0
BRDA:9,1,0,0
BRDA:9,1,1,0
BRDA:10,2,0,0
BRDA:10,3,0,0
BRDA:10,3,1,0
BRDA:16,4,0,0
BRF:8
BRH:0
end_of_record
TN:
SF:src\scripts\seed.ts
FN:9,main
FN:45,(anonymous_2)
FNF:2
FNH:0
FNDA:0,main
FNDA:0,(anonymous_2)
DA:1,0
DA:2,0
DA:3,0
DA:4,0
DA:5,0
DA:6,0
DA:7,0
DA:10,0
DA:12,0
DA:13,0
DA:14,0
DA:15,0
DA:16,0
DA:17,0
DA:20,0
DA:31,0
DA:39,0
DA:40,0
DA:41,0
DA:42,0
DA:45,0
LF:21
LH:0
BRDA:15,0,0,0
BRF:1
BRH:0
end_of_record
TN:
SF:src\services\storyGenerator.ts
FN:21,generateStory
FN:77,generateFallbackStory
FN:83,(anonymous_3)
FN:86,(anonymous_4)
FNF:4
FNH:0
FNDA:0,generateStory
FNDA:0,generateFallbackStory
FNDA:0,(anonymous_3)
FNDA:0,(anonymous_4)
DA:1,0
DA:2,0
DA:3,0
DA:4,0
DA:21,0
DA:22,0
DA:23,0
DA:25,0
DA:27,0
DA:28,0
DA:29,0
DA:30,0
DA:40,0
DA:41,0
DA:42,0
DA:46,0
DA:47,0
DA:49,0
DA:50,0
DA:56,0
DA:65,0
DA:73,0
DA:74,0
DA:78,0
DA:79,0
DA:82,0
DA:84,0
DA:86,0
LF:28
LH:0
BRDA:22,0,0,0
BRDA:27,1,0,0
BRDA:31,2,0,0
BRDA:31,2,1,0
BRDA:40,3,0,0
BRDA:40,3,1,0
BRDA:42,4,0,0
BRDA:42,4,1,0
BRDA:46,5,0,0
BRDA:49,6,0,0
BRDA:49,7,0,0
BRDA:49,7,1,0
BRF:12
BRH:0
end_of_record
TN:
SF:src\utils\boldParser.ts
FN:9,splitSentences
FN:18,parseBoldMarkers
FN:41,(anonymous_2)
FNF:3
FNH:0
FNDA:0,splitSentences
FNDA:0,parseBoldMarkers
FNDA:0,(anonymous_2)
DA:10,0
DA:11,0
DA:13,0
DA:14,0
DA:15,0
DA:18,1
DA:21,0
DA:22,0
DA:24,0
DA:25,0
DA:26,0
DA:27,0
DA:29,0
DA:30,0
DA:31,0
DA:33,0
DA:35,0
DA:37,0
DA:38,0
DA:41,0
DA:43,0
DA:44,0
DA:45,0
DA:46,0
DA:47,0
DA:57,0
DA:60,0
LF:27
LH:1
BRDA:14,0,0,0
BRDA:14,1,0,0
BRDA:14,1,1,0
BRDA:41,2,0,0
BRDA:41,2,1,0
BRDA:44,3,0,0
BRDA:44,3,1,0
BRF:7
BRH:0
end_of_record
TN:
SF:src\utils\jwt.ts
FN:4,signAccessToken
FN:8,signRefreshToken
FN:12,verifyAccess
FN:16,verifyRefresh
FNF:4
FNH:1
FNDA:0,signAccessToken
FNDA:0,signRefreshToken
FNDA:3,verifyAccess
FNDA:0,verifyRefresh
DA:1,1
DA:2,1
DA:4,1
DA:5,0
DA:8,1
DA:9,0
DA:12,1
DA:13,3
DA:16,1
DA:17,0
LF:10
LH:7
BRDA:4,0,0,0
BRDA:8,1,0,0
BRF:2
BRH:0
end_of_record
TN:
SF:src\utils\labelMapper.ts
FN:5,toStoryKey
FN:9,toDbLabel
FN:13,toApiLabel
FN:17,toConditionLabel
FNF:4
FNH:0
FNDA:0,toStoryKey
FNDA:0,toDbLabel
FNDA:0,toApiLabel
FNDA:0,toConditionLabel
DA:5,1
DA:6,0
DA:9,1
DA:10,0
DA:13,1
DA:14,0
DA:17,1
DA:18,0
LF:8
LH:4
BRDA:6,0,0,0
BRDA:6,0,1,0
BRDA:6,1,0,0
BRDA:6,1,1,0
BRDA:6,1,2,0
BRDA:6,1,3,0
BRDA:10,2,0,0
BRDA:10,2,1,0
BRDA:10,3,0,0
BRDA:10,3,1,0
BRDA:10,3,2,0
BRDA:10,3,3,0
BRDA:14,4,0,0
BRDA:14,4,1,0
BRDA:14,5,0,0
BRDA:14,5,1,0
BRDA:14,5,2,0
BRDA:14,5,3,0
BRDA:18,6,0,0
BRDA:18,6,1,0
BRDA:18,7,0,0
BRDA:18,7,1,0
BRDA:18,7,2,0
BRDA:18,7,3,0
BRF:24
BRH:0
end_of_record
TN:
SF:src\utils\levenshtein.ts
FN:1,normalizedLevenshtein
FN:20,positionCorrectness
FNF:2
FNH:0
FNDA:0,normalizedLevenshtein
FNDA:0,positionCorrectness
DA:1,1
DA:2,0
DA:3,0
DA:4,0
DA:5,0
DA:6,0
DA:7,0
DA:8,0
DA:9,0
DA:10,0
DA:11,0
DA:14,0
DA:15,0
DA:16,0
DA:17,0
DA:20,1
DA:21,0
DA:22,0
DA:23,0
DA:24,0
LF:20
LH:2
BRDA:9,0,0,0
BRDA:9,0,1,0
BRDA:15,1,0,0
BRDA:15,1,1,0
BRF:4
BRH:0
end_of_record
TN:
SF:src\utils\logger.ts
FN:14,(anonymous_1)
FNF:1
FNH:1
FNDA:5,(anonymous_1)
DA:1,1
DA:3,1
DA:5,1
DA:15,5
DA:16,5
DA:36,1
LF:6
LH:6
BRDA:6,0,0,1
BRDA:6,0,1,1
BRDA:10,1,0,0
BRDA:10,1,1,1
BRDA:15,2,0,1
BRDA:15,2,1,4
BRF:6
BRH:5
end_of_record
TN:
SF:src\utils\openai.ts
FN:6,getOpenAI
FNF:1
FNH:0
FNDA:0,getOpenAI
DA:1,1
DA:2,1
DA:4,1
DA:6,1
DA:7,0
DA:8,0
DA:9,0
DA:10,0
DA:12,0
LF:9
LH:4
BRDA:7,0,0,0
BRDA:8,1,0,0
BRDA:9,2,0,0
BRDA:9,2,1,0
BRF:4
BRH:0
end_of_record
TN:
SF:src\utils\phaseMapper.ts
FN:3,getPhaseForOccurrence
FN:10,getPhaseDescription
FN:25,shouldShowHints
FNF:3
FNH:0
FNDA:0,getPhaseForOccurrence
FNDA:0,getPhaseDescription
FNDA:0,shouldShowHints
DA:3,1
DA:4,0
DA:5,0
DA:6,0
DA:7,0
DA:10,1
DA:11,0
DA:13,0
DA:15,0
DA:17,0
DA:19,0
DA:21,0
DA:25,1
DA:26,0
DA:27,0
LF:15
LH:3
BRDA:4,0,0,0
BRDA:5,1,0,0
BRDA:6,2,0,0
BRDA:11,3,0,0
BRDA:11,3,1,0
BRDA:11,3,2,0
BRDA:11,3,3,0
BRDA:11,3,4,0
BRDA:26,4,0,0
BRDA:27,5,0,0
BRDA:27,5,1,0
BRF:11
BRH:0
end_of_record
TN:
SF:src\utils\phaseScheduler.ts
FN:18,scheduleWordPhases
FN:30,(anonymous_1)
FN:33,(anonymous_2)
FN:39,(anonymous_3)
FN:50,(anonymous_4)
FN:74,buildPhaseSchedule
FN:80,(anonymous_6)
FNF:7
FNH:0
FNDA:0,scheduleWordPhases
FNDA:0,(anonymous_1)
FNDA:0,(anonymous_2)
FNDA:0,(anonymous_3)
FNDA:0,(anonymous_4)
FNDA:0,buildPhaseSchedule
FNDA:0,(anonymous_6)
DA:18,0
DA:23,0
DA:29,0
DA:30,0
DA:31,0
DA:33,0
DA:34,0
DA:35,0
DA:36,0
DA:39,0
DA:42,0
DA:44,0
DA:47,0
DA:48,0
DA:49,0
DA:50,0
DA:51,0
DA:53,0
DA:55,0
DA:60,0
DA:65,0
DA:70,0
DA:71,0
DA:74,0
DA:79,0
DA:80,0
DA:81,0
DA:82,0
DA:83,0
DA:85,0
DA:86,0
DA:87,0
DA:89,0
LF:33
LH:0
BRDA:33,0,0,0
BRDA:33,0,1,0
BRDA:36,1,0,0
BRDA:37,2,0,0
BRDA:37,2,1,0
BRDA:39,3,0,0
BRDA:39,3,1,0
BRDA:44,4,0,0
BRDA:48,5,0,0
BRDA:48,5,1,0
BRDA:50,6,0,0
BRDA:81,7,0,0
BRDA:81,7,1,0
BRDA:87,8,0,0
BRDA:87,8,1,0
BRF:15
BRH:0
end_of_record
TN:
SF:src\utils\sanitize.ts
FN:1,sanitizeText
FN:10,sanitizeTitle
FN:14,sanitizeWordList
FN:16,(anonymous_3)
FN:17,(anonymous_4)
FNF:5
FNH:0
FNDA:0,sanitizeText
FNDA:0,sanitizeTitle
FNDA:0,sanitizeWordList
FNDA:0,(anonymous_3)
FNDA:0,(anonymous_4)
DA:1,1
DA:2,0
DA:10,1
DA:11,0
DA:14,1
DA:15,0
DA:16,0
DA:17,0
LF:8
LH:3
BRDA:2,0,0,0
BRDA:2,0,1,0
BRDA:15,1,0,0
BRDA:15,1,1,0
BRDA:17,2,0,0
BRDA:17,2,1,0
BRF:6
BRH:0
end_of_record
TN:
SF:src\utils\storyQuality.ts
FN:9,sentenceCount
FN:10,(anonymous_1)
FN:13,uniqueWords
FN:19,averageWordLength
FN:23,(anonymous_4)
FN:26,analyzeStoryQuality
FN:52,(anonymous_6)
FN:55,(anonymous_7)
FNF:8
FNH:0
FNDA:0,sentenceCount
FNDA:0,(anonymous_1)
FNDA:0,uniqueWords
FNDA:0,averageWordLength
FNDA:0,(anonymous_4)
FNDA:0,analyzeStoryQuality
FNDA:0,(anonymous_6)
FNDA:0,(anonymous_7)
DA:10,0
DA:14,0
DA:15,0
DA:16,0
DA:20,0
DA:21,0
DA:22,0
DA:23,0
DA:26,0
DA:31,0
DA:33,0
DA:34,0
DA:35,0
DA:36,0
DA:38,0
DA:39,0
DA:40,0
DA:41,0
DA:43,0
DA:44,0
DA:45,0
DA:48,0
DA:49,0
DA:51,0
DA:52,0
DA:54,0
DA:55,0
DA:56,0
DA:57,0
DA:58,0
DA:59,0
DA:63,0
DA:65,0
LF:33
LH:0
BRDA:10,0,0,0
BRDA:10,0,1,0
BRDA:15,1,0,0
BRDA:15,1,1,0
BRDA:21,2,0,0
BRDA:21,2,1,0
BRDA:22,3,0,0
BRDA:39,4,0,0
BRDA:43,5,0,0
BRDA:52,6,0,0
BRDA:52,6,1,0
BRDA:56,7,0,0
BRDA:56,7,1,0
BRDA:57,8,0,0
BRF:14
BRH:0
end_of_record
TN:
SF:src\utils\storyValidator.ts
FN:22,countWord
FN:23,(anonymous_1)
FN:26,validateStories
FN:40,(anonymous_3)
FN:48,(anonymous_4)
FN:72,(anonymous_5)
FN:78,(anonymous_6)
FNF:7
FNH:0
FNDA:0,countWord
FNDA:0,(anonymous_1)
FNDA:0,validateStories
FNDA:0,(anonymous_3)
FNDA:0,(anonymous_4)
FNDA:0,(anonymous_5)
FNDA:0,(anonymous_6)
DA:23,0
DA:26,0
DA:27,0
DA:28,0
DA:29,0
DA:32,0
DA:33,0
DA:34,0
DA:35,0
DA:36,0
DA:37,0
DA:40,0
DA:42,0
DA:43,0
DA:44,0
DA:47,0
DA:48,0
DA:49,0
DA:51,0
DA:52,0
DA:53,0
DA:54,0
DA:55,0
DA:56,0
DA:57,0
DA:60,0
DA:64,0
DA:71,0
DA:72,0
DA:73,0
DA:74,0
DA:77,0
DA:78,0
DA:79,0
DA:80,0
DA:82,0
DA:83,0
DA:84,0
DA:85,0
DA:89,0
DA:90,0
DA:93,0
DA:94,0
DA:95,0
DA:96,0
DA:97,0
DA:98,0
DA:103,0
LF:48
LH:0
BRDA:32,0,0,0
BRDA:32,1,0,0
BRDA:32,1,1,0
BRDA:34,2,0,0
BRDA:34,3,0,0
BRDA:34,3,1,0
BRDA:36,4,0,0
BRDA:36,4,1,0
BRDA:37,5,0,0
BRDA:37,5,1,0
BRDA:44,6,0,0
BRDA:56,7,0,0
BRDA:56,8,0,0
BRDA:56,8,1,0
BRDA:60,9,0,0
BRDA:61,10,0,0
BRDA:61,10,1,0
BRDA:73,11,0,0
BRDA:84,12,0,0
BRDA:97,13,0,0
BRF:20
BRH:0
end_of_record
